2026-04-21 21:37:14 +0000  AppsService: will send request: Apps.apps_getCollection: GET /provider/629e5bb8-a257-4866-bad9-1677b6cf8b18/v1/apps?fields[apps]=name,bundleId,appStoreVersions,iosAppToMacAppStoreOptInSetting,removed&fields[appStoreVersions]=platform,storeIcon,versionString&fields[iosAppToMacAppStoreOptInSetting]=isOptedInToDistributeIosAppOnMacAppStore&include=appStoreVersions,iosAppToMacAppStoreOptInSetting&filter[bundleId]=tonesapp.Tones&limit=100&limit[appStoreVersions]=10&sort=name
2026-04-21 21:37:14 +0000  APIClient (name: ) got status code 200 to a GET request to URL: https://appstoreconnect.apple.com/iris/provider/629e5bb8-a257-4866-bad9-1677b6cf8b18/v1/apps?fields%5BappStoreVersions%5D=platform,storeIcon,versionString&fields%5Bapps%5D=name,bundleId,appStoreVersions,iosAppToMacAppStoreOptInSetting,removed&fields%5BiosAppToMacAppStoreOptInSetting%5D=isOptedInToDistributeIosAppOnMacAppStore&filter%5BbundleId%5D=tonesapp.Tones&include=appStoreVersions,iosAppToMacAppStoreOptInSetting&limit=100&limit%5BappStoreVersions%5D=10&sort=name
2026-04-21 21:37:14 +0000  AppsService: received response: 200 success
---
Headers:
'apple-timing-app': '131 ms'
'x-b3-traceid': '99bdd35d7596e618'
'Content-Type': 'application/json'
'Strict-Transport-Security': 'max-age=31536000; includeSubDomains; preload'
'apple-seq': '0.0'
'x-unicorn-originated': 'true'
'x-daiquiri-rate-limit-user': 'user-hour-lim:10000;user-hour-rem:9943;'
'x-frame-options': 'SAMEORIGIN'
'x-daiquiri-rate-limit-timing-user': '0'
'x-b3-parentspanid': '5868ebf7ae80689a'
'Set-Cookie': 'dqsid=eyJ0eXAiOiJKV1QiLCJhbGciOiJIUzI1NiJ9.eyJpYXQiOjE3NzY4MDc0MzQsImp0aSI6InVVTFliaUR1dWpIYUxZNkZXMGxTMkEifQ.oeqEPmCl3phVauIBgXgiszlowo2lf4YfB7Vw2pvhE9Y; Max-Age=1800; Expires=Tue, 21 Apr 2026 22:07:14 GMT; Path=/; Secure; HTTPOnly'
'Content-Length': '2840'
'x-daiquiri-debug-worker-pid': '25204, 25200, 64292'
'x-b3-spanid': 'bba7ac75daebbae4'
'apple-originating-system': 'UnknownOriginatingSystem'
'x-content-security-policy': 'script-src 'self' *.apple.com'
'x-daiquiri-instance': 'daiquiri:15751003:mr36p00it-hyhk06054801:7987:26HOTFIX15:daiquiri-amp-dsce-asc-int-002-mr, daiquiri:15751003:mr36p00it-hyhk06054801:7987:26HOTFIX15:daiquiri-amp-dsce-asc-int-002-mr, daiquiri:18493001:mr85p00it-hyhk03154801:7987:26HOTFIX15:daiquiri-amp-all-shared-ext-001-mr'
'Date': 'Tue, 21 Apr 2026 21:37:14 GMT'
'b3': '9be73dfd6047beefda7aba1f9ea2e6f3-bba7ac75daebbae4'
'x-apple-jingle-correlation-key': 'TPTT37LAI67O7WT2XIPZ5IXG6M'
'x-responding-instance': 'ac-gateway-api:ac-gateway-api-main-55579c8984-bx4gs:ac-gateway-api-main-55579c8984-bx4gs:-1::::'
'x-content-type-options': 'nosniff'
'x-xss-protection': '1; mode=block'
'Server': 'daiquiri/5'
'apple-tk': 'false'
'x-apple-request-uuid': '9be73dfd-6047-beef-da7a-ba1f9ea2e6f3'
---
Data:
AppStoreConnectAppsResponse(data: [XCServices.AppStoreConnectApp(id: "6762889297", type: XCServices.AppStoreConnectApp.AppStoreConnectType.apps, attributes: Optional(XCServices.AppStoreConnectApp.Attributes(bundleId: Optional("tonesapp.Tones"), bundleIdReferenceName: nil, contentRightsDeclaration: nil, gracRatingClassificationNumber: nil, isArcade: nil, isOrEverWasMadeForKids: nil, marketplace: nil, name: Optional("Tones Voice"), primaryLocale: nil, removed: Optional(false), removedDate: nil, sku: nil, storeUrl: nil, subscriptionStatusUrl: nil, subscriptionStatusUrlForSandbox: nil, subscriptionStatusUrlVersion: nil, subscriptionStatusUrlVersionForSandbox: nil)), links: Optional(XCServices.AppStoreConnectResourceLinks(_self: Optional("https://appstoreconnect.apple.com/iris/provider/629e5bb8-a257-4866-bad9-1677b6cf8b18/v1/apps/6762889297"))), relationships: Optional(XCServices.AppStoreConnectApp.Relationships(appAvailability: nil, appInfos: nil, appSharedSecrets: nil, appStoreIcon: nil, appStoreVersions: Optional(XCServices.AppStoreConnectApp.Relationships.AppStoreVersions(data: Optional([XCServices.AppStoreConnectApp.Relationships.AppStoreVersions.DataType(id: "d339f13e-384e-4701-b7a7-4b98d55ad0fe", type: XCServices.AppStoreConnectApp.Relationships.AppStoreVersions.DataType.AppStoreConnectType.appStoreVersions)]), links: Optional(XCServices.AppStoreConnectRelationshipLinks(related: Optional("https://appstoreconnect.apple.com/iris/provider/629e5bb8-a257-4866-bad9-1677b6cf8b18/v1/apps/6762889297/appStoreVersions"), _self: Optional("https://appstoreconnect.apple.com/iris/provider/629e5bb8-a257-4866-bad9-1677b6cf8b18/v1/apps/6762889297/relationships/appStoreVersions"))), meta: Optional(XCServices.AppStoreConnectPagingInformation(paging: XCServices.AppStoreConnectPagingInformation.Paging(limit: 10, nextCursor: nil, total: Optional(1)))))), betaFeedbackCrashSubmissions: nil, betaFeedbackScreenshotSubmissions: nil, betaTesters: nil, builds: nil, displayableVersions: nil, gameCenterDetail: nil, inAppPurchasesV2: nil, iosAppToMacAppStoreOptInSetting: Optional(XCServices.AppStoreConnectApp.Relationships.IosAppToMacAppStoreOptInSetting(data: Optional(XCServices.AppStoreConnectApp.Relationships.IosAppToMacAppStoreOptInSetting.DataType(id: "6762889297", type: XCServices.AppStoreConnectApp.Relationships.IosAppToMacAppStoreOptInSetting.DataType.AppStoreConnectType.iosAppToMacAppStoreOptInSetting)), links: Optional(XCServices.AppStoreConnectRelationshipLinks(related: Optional("https://appstoreconnect.apple.com/iris/provider/629e5bb8-a257-4866-bad9-1677b6cf8b18/v1/apps/6762889297/iosAppToMacAppStoreOptInSetting"), _self: Optional("https://appstoreconnect.apple.com/iris/provider/629e5bb8-a257-4866-bad9-1677b6cf8b18/v1/apps/6762889297/relationships/iosAppToMacAppStoreOptInSetting"))))), preReleaseVersions: nil, promotedPurchases: nil, pushNotificationPreferences: nil, subscriptionGroups: nil)))], links: XCServices.AppStoreConnectPagedDocumentLinks(_self: "https://appstoreconnect.apple.com/iris/provider/629e5bb8-a257-4866-bad9-1677b6cf8b18/v1/apps?fields%5BiosAppToMacAppStoreOptInSetting%5D=isOptedInToDistributeIosAppOnMacAppStore&fields%5BappStoreVersions%5D=versionString%2Cplatform%2CstoreIcon&fields%5Bapps%5D=iosAppToMacAppStoreOptInSetting%2Cremoved%2CappStoreVersions%2Cname%2CbundleId&filter%5BbundleId%5D=tonesapp.Tones&include=iosAppToMacAppStoreOptInSetting%2CappStoreVersions&limit%5BappStoreVersions%5D=10&sort=name&limit=100", first: nil, next: nil), included: Optional([XCServices.AppStoreConnectAppsResponse.Included.appStoreVersion(XCServices.AppStoreConnectAppStoreVersion(id: "d339f13e-384e-4701-b7a7-4b98d55ad0fe", type: XCServices.AppStoreConnectAppStoreVersion.AppStoreConnectType.appStoreVersions, attributes: Optional(XCServices.AppStoreConnectAppStoreVersion.Attributes(appStoreState: nil, appVersionState: nil, copyright: nil, createdDate: nil, downloadable: nil, earliestReleaseDate: nil, isWatchOnly: nil, platform: Optional(XCServices.AppStoreConnectPlatform.ios), releaseType: nil, storeIcon: nil, usesIdfa: nil, versionString: Optional("1.0"), watchStoreIcon: nil)), links: Optional(XCServices.AppStoreConnectResourceLinks(_self: Optional("https://appstoreconnect.apple.com/iris/provider/629e5bb8-a257-4866-bad9-1677b6cf8b18/v1/appStoreVersions/d339f13e-384e-4701-b7a7-4b98d55ad0fe"))), relationships: nil)), XCServices.AppStoreConnectAppsResponse.Included.iosAppToMacAppStoreOptInSetting(XCServices.AppStoreConnectIosAppToMacAppStoreOptInSetting(id: "6762889297", type: XCServices.AppStoreConnectIosAppToMacAppStoreOptInSetting.AppStoreConnectType.iosAppToMacAppStoreOptInSetting, attributes: Optional(XCServices.AppStoreConnectIosAppToMacAppStoreOptInSetting.Attributes(automaticMinMacOsVersion: nil, isOptedInToDistributeIosAppOnMacAppStore: Optional(true), isVerifiedForMacOs: nil, minMacOsVersionToSupport: nil, supportedMacOsVersions: nil)), links: Optional(XCServices.AppStoreConnectResourceLinks(_self: Optional("https://appstoreconnect.apple.com/iris/provider/629e5bb8-a257-4866-bad9-1677b6cf8b18/v1/iosAppToMacAppStoreOptInSetting/6762889297"))), relationships: nil))]), meta: Optional(XCServices.AppStoreConnectPagingInformation(paging: XCServices.AppStoreConnectPagingInformation.Paging(limit: 100, nextCursor: nil, total: Optional(1)))))
---
2026-04-21 21:37:14 +0000  AppsService: fetched 1 items, total 1 items, has next page URL: false
