2026-04-21 21:37:11 +0000 [MT] Beginning distribution assistant for archive: Tones, task: 2
2026-04-21 21:37:11 +0000 [MT] state.isLastStepViewControllerNameKnown = 0
2026-04-21 21:37:11 +0000 [MT] state.isLastStepViewControllerNameKnown = 0
2026-04-21 21:37:13 +0000 [MT] Proceeding to distribution step IDEDistributionPlanDriverStepViewController, context: <IDEDistributionContext: 0x898182f80; archive(resolved)="<IDEArchive: 0x87ae94e00>", distributionTask(resolved)="2", distributionDestination(resolved)="(null)", distributionMethod(resolved)="(null)", team(resolved)="(null)">
	Chain (3, self inclusive):
	<IDEDistributionContext: 0x898182f80; archive = "<IDEArchive: 0x87ae94e00>", distributionMethod="(null)", team="(null)">
	<IDEDistributionContext: 0x898183700; archive = "<IDEArchive: 0x87ae94e00>", distributionMethod="(null)", team="(null)">
	<IDEDistributionContext: 0x898182080; archive = "<IDEArchive: 0x87ae94e00>", distributionMethod="(null)", team="(null)">
</IDEDistributionContext: 0x898182f80>
2026-04-21 21:37:13 +0000 [MT] state.isLastStepViewControllerNameKnown = 0
2026-04-21 21:37:13 +0000  Starting export with options: {"destination":"upload","signingStyle":"automatic","raiseProfileSupportOptionalToRequired":false,"manageAppVersionAndBuildNumber":true,"testFlightInternalTestingOnly":false,"uploadSymbols":true,"stripSwiftSymbols":true,"embedOnDemandResourcesAssetPacksInBundle":false,"method":"app-store-connect","generateAppStoreInformation":false,"thinning":"<none>"}
2026-04-21 21:37:13 +0000  Running step: IDEDistributionAnalyzeArchiveStep with <IDEDistributionContext: 0x898181680; archive(resolved)="<IDEArchive: 0x87ae94e00>", distributionTask(resolved)="2", distributionDestination(resolved)="2", distributionMethod(resolved)="<IDEDistributionMethodiOSAppStoreDistribution: 0x87b1b5e30>", team(resolved)="(null)">
	Chain (5, self inclusive):
	<IDEDistributionContext: 0x898181680; archive = "<IDEArchive: 0x87ae94e00>", distributionMethod="<IDEDistributionMethodiOSAppStoreDistribution: 0x87b1b5e30>", team="(null)">
	<IDEDistributionContext: 0x89756ad00; archive = "<IDEArchive: 0x87ae94e00>", distributionMethod="<IDEDistributionMethodiOSAppStoreDistribution: 0x87b1b5e30>", team="(null)">
	<IDEDistributionContext: 0x898182f80; archive = "<IDEArchive: 0x87ae94e00>", distributionMethod="(null)", team="(null)">
	<IDEDistributionContext: 0x898183700; archive = "<IDEArchive: 0x87ae94e00>", distributionMethod="(null)", team="(null)">
	<IDEDistributionContext: 0x898182080; archive = "<IDEArchive: 0x87ae94e00>", distributionMethod="(null)", team="(null)">
</IDEDistributionContext: 0x898181680>
2026-04-21 21:37:13 +0000  Running step: IDEDistributionTeamStep with <IDEDistributionContext: 0x893807980; archive(resolved)="<IDEArchive: 0x87ae94e00>", distributionTask(resolved)="2", distributionDestination(resolved)="2", distributionMethod(resolved)="<IDEDistributionMethodiOSAppStoreDistribution: 0x87b1b5e30>", team(resolved)="<IDEProvisioningDisambiguatableBasicTeam: 0x88aeca940; teamID='WXSH8JXZQQ', teamName='Jaskaran Singh', teamType='Individual', username='jazing14@gmail.com', isFreeProvisioningTeam='0'>">
	Chain (6, self inclusive):
	<IDEDistributionContext: 0x893807980; archive = "<IDEArchive: 0x87ae94e00>", distributionMethod="<IDEDistributionMethodiOSAppStoreDistribution: 0x87b1b5e30>", team="<IDEProvisioningDisambiguatableBasicTeam: 0x88aeca940; teamID='WXSH8JXZQQ', teamName='Jaskaran Singh', teamType='Individual', username='jazing14@gmail.com', isFreeProvisioningTeam='0'>">
	<IDEDistributionContext: 0x898181680; archive = "<IDEArchive: 0x87ae94e00>", distributionMethod="<IDEDistributionMethodiOSAppStoreDistribution: 0x87b1b5e30>", team="(null)">
	<IDEDistributionContext: 0x89756ad00; archive = "<IDEArchive: 0x87ae94e00>", distributionMethod="<IDEDistributionMethodiOSAppStoreDistribution: 0x87b1b5e30>", team="(null)">
	<IDEDistributionContext: 0x898182f80; archive = "<IDEArchive: 0x87ae94e00>", distributionMethod="(null)", team="(null)">
	<IDEDistributionContext: 0x898183700; archive = "<IDEArchive: 0x87ae94e00>", distributionMethod="(null)", team="(null)">
	<IDEDistributionContext: 0x898182080; archive = "<IDEArchive: 0x87ae94e00>", distributionMethod="(null)", team="(null)">
</IDEDistributionContext: 0x893807980>
2026-04-21 21:37:13 +0000  Running step: IDEDistributionUploadAccountStep with <IDEDistributionContext: 0x897f70000; archive(resolved)="<IDEArchive: 0x87ae94e00>", distributionTask(resolved)="2", distributionDestination(resolved)="2", distributionMethod(resolved)="<IDEDistributionMethodiOSAppStoreDistribution: 0x87b1b5e30>", team(resolved)="<IDEProvisioningDisambiguatableBasicTeam: 0x88aeca940; teamID='WXSH8JXZQQ', teamName='Jaskaran Singh', teamType='Individual', username='jazing14@gmail.com', isFreeProvisioningTeam='0'>">
	Chain (7, self inclusive):
	<IDEDistributionContext: 0x897f70000; archive = "<IDEArchive: 0x87ae94e00>", distributionMethod="<IDEDistributionMethodiOSAppStoreDistribution: 0x87b1b5e30>", team="<IDEProvisioningDisambiguatableBasicTeam: 0x88aeca940; teamID='WXSH8JXZQQ', teamName='Jaskaran Singh', teamType='Individual', username='jazing14@gmail.com', isFreeProvisioningTeam='0'>">
	<IDEDistributionContext: 0x893807980; archive = "<IDEArchive: 0x87ae94e00>", distributionMethod="<IDEDistributionMethodiOSAppStoreDistribution: 0x87b1b5e30>", team="<IDEProvisioningDisambiguatableBasicTeam: 0x88aeca940; teamID='WXSH8JXZQQ', teamName='Jaskaran Singh', teamType='Individual', username='jazing14@gmail.com', isFreeProvisioningTeam='0'>">
	<IDEDistributionContext: 0x898181680; archive = "<IDEArchive: 0x87ae94e00>", distributionMethod="<IDEDistributionMethodiOSAppStoreDistribution: 0x87b1b5e30>", team="(null)">
	<IDEDistributionContext: 0x89756ad00; archive = "<IDEArchive: 0x87ae94e00>", distributionMethod="<IDEDistributionMethodiOSAppStoreDistribution: 0x87b1b5e30>", team="(null)">
	<IDEDistributionContext: 0x898182f80; archive = "<IDEArchive: 0x87ae94e00>", distributionMethod="(null)", team="(null)">
	<IDEDistributionContext: 0x898183700; archive = "<IDEArchive: 0x87ae94e00>", distributionMethod="(null)", team="(null)">
	<IDEDistributionContext: 0x898182080; archive = "<IDEArchive: 0x87ae94e00>", distributionMethod="(null)", team="(null)">
</IDEDistributionContext: 0x897f70000>
2026-04-21 21:37:14 +0000  Running step: IDEDistributionFetchAppRecordStep with <IDEDistributionContext: 0x89747ed00; archive(resolved)="<IDEArchive: 0x87ae94e00>", distributionTask(resolved)="2", distributionDestination(resolved)="2", distributionMethod(resolved)="<IDEDistributionMethodiOSAppStoreDistribution: 0x87b1b5e30>", team(resolved)="<IDEProvisioningDisambiguatableBasicTeam: 0x88aeca940; teamID='WXSH8JXZQQ', teamName='Jaskaran Singh', teamType='Individual', username='jazing14@gmail.com', isFreeProvisioningTeam='0'>">
	Chain (8, self inclusive):
	<IDEDistributionContext: 0x89747ed00; archive = "<IDEArchive: 0x87ae94e00>", distributionMethod="<IDEDistributionMethodiOSAppStoreDistribution: 0x87b1b5e30>", team="<IDEProvisioningDisambiguatableBasicTeam: 0x88aeca940; teamID='WXSH8JXZQQ', teamName='Jaskaran Singh', teamType='Individual', username='jazing14@gmail.com', isFreeProvisioningTeam='0'>">
	<IDEDistributionContext: 0x897f70000; archive = "<IDEArchive: 0x87ae94e00>", distributionMethod="<IDEDistributionMethodiOSAppStoreDistribution: 0x87b1b5e30>", team="<IDEProvisioningDisambiguatableBasicTeam: 0x88aeca940; teamID='WXSH8JXZQQ', teamName='Jaskaran Singh', teamType='Individual', username='jazing14@gmail.com', isFreeProvisioningTeam='0'>">
	<IDEDistributionContext: 0x893807980; archive = "<IDEArchive: 0x87ae94e00>", distributionMethod="<IDEDistributionMethodiOSAppStoreDistribution: 0x87b1b5e30>", team="<IDEProvisioningDisambiguatableBasicTeam: 0x88aeca940; teamID='WXSH8JXZQQ', teamName='Jaskaran Singh', teamType='Individual', username='jazing14@gmail.com', isFreeProvisioningTeam='0'>">
	<IDEDistributionContext: 0x898181680; archive = "<IDEArchive: 0x87ae94e00>", distributionMethod="<IDEDistributionMethodiOSAppStoreDistribution: 0x87b1b5e30>", team="(null)">
	<IDEDistributionContext: 0x89756ad00; archive = "<IDEArchive: 0x87ae94e00>", distributionMethod="<IDEDistributionMethodiOSAppStoreDistribution: 0x87b1b5e30>", team="(null)">
	<IDEDistributionContext: 0x898182f80; archive = "<IDEArchive: 0x87ae94e00>", distributionMethod="(null)", team="(null)">
	<IDEDistributionContext: 0x898183700; archive = "<IDEArchive: 0x87ae94e00>", distributionMethod="(null)", team="(null)">
	<IDEDistributionContext: 0x898182080; archive = "<IDEArchive: 0x87ae94e00>", distributionMethod="(null)", team="(null)">
</IDEDistributionContext: 0x89747ed00>
2026-04-21 21:37:14 +0000  Running step: IDEDistributionCreateAppRecordStep with <IDEDistributionContext: 0x898919180; archive(resolved)="<IDEArchive: 0x87ae94e00>", distributionTask(resolved)="2", distributionDestination(resolved)="2", distributionMethod(resolved)="<IDEDistributionMethodiOSAppStoreDistribution: 0x87b1b5e30>", team(resolved)="<IDEProvisioningDisambiguatableBasicTeam: 0x88aeca940; teamID='WXSH8JXZQQ', teamName='Jaskaran Singh', teamType='Individual', username='jazing14@gmail.com', isFreeProvisioningTeam='0'>">
	Chain (9, self inclusive):
	<IDEDistributionContext: 0x898919180; archive = "<IDEArchive: 0x87ae94e00>", distributionMethod="<IDEDistributionMethodiOSAppStoreDistribution: 0x87b1b5e30>", team="<IDEProvisioningDisambiguatableBasicTeam: 0x88aeca940; teamID='WXSH8JXZQQ', teamName='Jaskaran Singh', teamType='Individual', username='jazing14@gmail.com', isFreeProvisioningTeam='0'>">
	<IDEDistributionContext: 0x89747ed00; archive = "<IDEArchive: 0x87ae94e00>", distributionMethod="<IDEDistributionMethodiOSAppStoreDistribution: 0x87b1b5e30>", team="<IDEProvisioningDisambiguatableBasicTeam: 0x88aeca940; teamID='WXSH8JXZQQ', teamName='Jaskaran Singh', teamType='Individual', username='jazing14@gmail.com', isFreeProvisioningTeam='0'>">
	<IDEDistributionContext: 0x897f70000; archive = "<IDEArchive: 0x87ae94e00>", distributionMethod="<IDEDistributionMethodiOSAppStoreDistribution: 0x87b1b5e30>", team="<IDEProvisioningDisambiguatableBasicTeam: 0x88aeca940; teamID='WXSH8JXZQQ', teamName='Jaskaran Singh', teamType='Individual', username='jazing14@gmail.com', isFreeProvisioningTeam='0'>">
	<IDEDistributionContext: 0x893807980; archive = "<IDEArchive: 0x87ae94e00>", distributionMethod="<IDEDistributionMethodiOSAppStoreDistribution: 0x87b1b5e30>", team="<IDEProvisioningDisambiguatableBasicTeam: 0x88aeca940; teamID='WXSH8JXZQQ', teamName='Jaskaran Singh', teamType='Individual', username='jazing14@gmail.com', isFreeProvisioningTeam='0'>">
	<IDEDistributionContext: 0x898181680; archive = "<IDEArchive: 0x87ae94e00>", distributionMethod="<IDEDistributionMethodiOSAppStoreDistribution: 0x87b1b5e30>", team="(null)">
	<IDEDistributionContext: 0x89756ad00; archive = "<IDEArchive: 0x87ae94e00>", distributionMethod="<IDEDistributionMethodiOSAppStoreDistribution: 0x87b1b5e30>", team="(null)">
	<IDEDistributionContext: 0x898182f80; archive = "<IDEArchive: 0x87ae94e00>", distributionMethod="(null)", team="(null)">
	<IDEDistributionContext: 0x898183700; archive = "<IDEArchive: 0x87ae94e00>", distributionMethod="(null)", team="(null)">
	<IDEDistributionContext: 0x898182080; archive = "<IDEArchive: 0x87ae94e00>", distributionMethod="(null)", team="(null)">
</IDEDistributionContext: 0x898919180>
2026-04-21 21:37:14 +0000  Running step: IDEDistributionAnalyzeVersionStep with <IDEDistributionContext: 0x898919400; archive(resolved)="<IDEArchive: 0x87ae94e00>", distributionTask(resolved)="2", distributionDestination(resolved)="2", distributionMethod(resolved)="<IDEDistributionMethodiOSAppStoreDistribution: 0x87b1b5e30>", team(resolved)="<IDEProvisioningDisambiguatableBasicTeam: 0x88aeca940; teamID='WXSH8JXZQQ', teamName='Jaskaran Singh', teamType='Individual', username='jazing14@gmail.com', isFreeProvisioningTeam='0'>">
	Chain (10, self inclusive):
	<IDEDistributionContext: 0x898919400; archive = "<IDEArchive: 0x87ae94e00>", distributionMethod="<IDEDistributionMethodiOSAppStoreDistribution: 0x87b1b5e30>", team="<IDEProvisioningDisambiguatableBasicTeam: 0x88aeca940; teamID='WXSH8JXZQQ', teamName='Jaskaran Singh', teamType='Individual', username='jazing14@gmail.com', isFreeProvisioningTeam='0'>">
	<IDEDistributionContext: 0x898919180; archive = "<IDEArchive: 0x87ae94e00>", distributionMethod="<IDEDistributionMethodiOSAppStoreDistribution: 0x87b1b5e30>", team="<IDEProvisioningDisambiguatableBasicTeam: 0x88aeca940; teamID='WXSH8JXZQQ', teamName='Jaskaran Singh', teamType='Individual', username='jazing14@gmail.com', isFreeProvisioningTeam='0'>">
	<IDEDistributionContext: 0x89747ed00; archive = "<IDEArchive: 0x87ae94e00>", distributionMethod="<IDEDistributionMethodiOSAppStoreDistribution: 0x87b1b5e30>", team="<IDEProvisioningDisambiguatableBasicTeam: 0x88aeca940; teamID='WXSH8JXZQQ', teamName='Jaskaran Singh', teamType='Individual', username='jazing14@gmail.com', isFreeProvisioningTeam='0'>">
	<IDEDistributionContext: 0x897f70000; archive = "<IDEArchive: 0x87ae94e00>", distributionMethod="<IDEDistributionMethodiOSAppStoreDistribution: 0x87b1b5e30>", team="<IDEProvisioningDisambiguatableBasicTeam: 0x88aeca940; teamID='WXSH8JXZQQ', teamName='Jaskaran Singh', teamType='Individual', username='jazing14@gmail.com', isFreeProvisioningTeam='0'>">
	<IDEDistributionContext: 0x893807980; archive = "<IDEArchive: 0x87ae94e00>", distributionMethod="<IDEDistributionMethodiOSAppStoreDistribution: 0x87b1b5e30>", team="<IDEProvisioningDisambiguatableBasicTeam: 0x88aeca940; teamID='WXSH8JXZQQ', teamName='Jaskaran Singh', teamType='Individual', username='jazing14@gmail.com', isFreeProvisioningTeam='0'>">
	<IDEDistributionContext: 0x898181680; archive = "<IDEArchive: 0x87ae94e00>", distributionMethod="<IDEDistributionMethodiOSAppStoreDistribution: 0x87b1b5e30>", team="(null)">
	<IDEDistributionContext: 0x89756ad00; archive = "<IDEArchive: 0x87ae94e00>", distributionMethod="<IDEDistributionMethodiOSAppStoreDistribution: 0x87b1b5e30>", team="(null)">
	<IDEDistributionContext: 0x898182f80; archive = "<IDEArchive: 0x87ae94e00>", distributionMethod="(null)", team="(null)">
	<IDEDistributionContext: 0x898183700; archive = "<IDEArchive: 0x87ae94e00>", distributionMethod="(null)", team="(null)">
	<IDEDistributionContext: 0x898182080; archive = "<IDEArchive: 0x87ae94e00>", distributionMethod="(null)", team="(null)">
</IDEDistributionContext: 0x898919400>
2026-04-21 21:37:15 +0000  Found build number for app record.
2026-04-21 21:37:15 +0000  Running step: IDEDistributionOptionsStep with <IDEDistributionContext: 0x898918000; archive(resolved)="<IDEArchive: 0x87ae94e00>", distributionTask(resolved)="2", distributionDestination(resolved)="2", distributionMethod(resolved)="<IDEDistributionMethodiOSAppStoreDistribution: 0x87b1b5e30>", team(resolved)="<IDEProvisioningDisambiguatableBasicTeam: 0x88aeca940; teamID='WXSH8JXZQQ', teamName='Jaskaran Singh', teamType='Individual', username='jazing14@gmail.com', isFreeProvisioningTeam='0'>">
	Chain (11, self inclusive):
	<IDEDistributionContext: 0x898918000; archive = "<IDEArchive: 0x87ae94e00>", distributionMethod="<IDEDistributionMethodiOSAppStoreDistribution: 0x87b1b5e30>", team="<IDEProvisioningDisambiguatableBasicTeam: 0x88aeca940; teamID='WXSH8JXZQQ', teamName='Jaskaran Singh', teamType='Individual', username='jazing14@gmail.com', isFreeProvisioningTeam='0'>">
	<IDEDistributionContext: 0x898919400; archive = "<IDEArchive: 0x87ae94e00>", distributionMethod="<IDEDistributionMethodiOSAppStoreDistribution: 0x87b1b5e30>", team="<IDEProvisioningDisambiguatableBasicTeam: 0x88aeca940; teamID='WXSH8JXZQQ', teamName='Jaskaran Singh', teamType='Individual', username='jazing14@gmail.com', isFreeProvisioningTeam='0'>">
	<IDEDistributionContext: 0x898919180; archive = "<IDEArchive: 0x87ae94e00>", distributionMethod="<IDEDistributionMethodiOSAppStoreDistribution: 0x87b1b5e30>", team="<IDEProvisioningDisambiguatableBasicTeam: 0x88aeca940; teamID='WXSH8JXZQQ', teamName='Jaskaran Singh', teamType='Individual', username='jazing14@gmail.com', isFreeProvisioningTeam='0'>">
	<IDEDistributionContext: 0x89747ed00; archive = "<IDEArchive: 0x87ae94e00>", distributionMethod="<IDEDistributionMethodiOSAppStoreDistribution: 0x87b1b5e30>", team="<IDEProvisioningDisambiguatableBasicTeam: 0x88aeca940; teamID='WXSH8JXZQQ', teamName='Jaskaran Singh', teamType='Individual', username='jazing14@gmail.com', isFreeProvisioningTeam='0'>">
	<IDEDistributionContext: 0x897f70000; archive = "<IDEArchive: 0x87ae94e00>", distributionMethod="<IDEDistributionMethodiOSAppStoreDistribution: 0x87b1b5e30>", team="<IDEProvisioningDisambiguatableBasicTeam: 0x88aeca940; teamID='WXSH8JXZQQ', teamName='Jaskaran Singh', teamType='Individual', username='jazing14@gmail.com', isFreeProvisioningTeam='0'>">
	<IDEDistributionContext: 0x893807980; archive = "<IDEArchive: 0x87ae94e00>", distributionMethod="<IDEDistributionMethodiOSAppStoreDistribution: 0x87b1b5e30>", team="<IDEProvisioningDisambiguatableBasicTeam: 0x88aeca940; teamID='WXSH8JXZQQ', teamName='Jaskaran Singh', teamType='Individual', username='jazing14@gmail.com', isFreeProvisioningTeam='0'>">
	<IDEDistributionContext: 0x898181680; archive = "<IDEArchive: 0x87ae94e00>", distributionMethod="<IDEDistributionMethodiOSAppStoreDistribution: 0x87b1b5e30>", team="(null)">
	<IDEDistributionContext: 0x89756ad00; archive = "<IDEArchive: 0x87ae94e00>", distributionMethod="<IDEDistributionMethodiOSAppStoreDistribution: 0x87b1b5e30>", team="(null)">
	<IDEDistributionContext: 0x898182f80; archive = "<IDEArchive: 0x87ae94e00>", distributionMethod="(null)", team="(null)">
	<IDEDistributionContext: 0x898183700; archive = "<IDEArchive: 0x87ae94e00>", distributionMethod="(null)", team="(null)">
	<IDEDistributionContext: 0x898182080; archive = "<IDEArchive: 0x87ae94e00>", distributionMethod="(null)", team="(null)">
</IDEDistributionContext: 0x898918000>
2026-04-21 21:37:15 +0000  Running step: IDEDistributionSigningMethodStep with <IDEDistributionContext: 0x897fc2800; archive(resolved)="<IDEArchive: 0x87ae94e00>", distributionTask(resolved)="2", distributionDestination(resolved)="2", distributionMethod(resolved)="<IDEDistributionMethodiOSAppStoreDistribution: 0x87b1b5e30>", team(resolved)="<IDEProvisioningDisambiguatableBasicTeam: 0x88aeca940; teamID='WXSH8JXZQQ', teamName='Jaskaran Singh', teamType='Individual', username='jazing14@gmail.com', isFreeProvisioningTeam='0'>">
	Chain (12, self inclusive):
	<IDEDistributionContext: 0x897fc2800; archive = "<IDEArchive: 0x87ae94e00>", distributionMethod="<IDEDistributionMethodiOSAppStoreDistribution: 0x87b1b5e30>", team="<IDEProvisioningDisambiguatableBasicTeam: 0x88aeca940; teamID='WXSH8JXZQQ', teamName='Jaskaran Singh', teamType='Individual', username='jazing14@gmail.com', isFreeProvisioningTeam='0'>">
	<IDEDistributionContext: 0x898918000; archive = "<IDEArchive: 0x87ae94e00>", distributionMethod="<IDEDistributionMethodiOSAppStoreDistribution: 0x87b1b5e30>", team="<IDEProvisioningDisambiguatableBasicTeam: 0x88aeca940; teamID='WXSH8JXZQQ', teamName='Jaskaran Singh', teamType='Individual', username='jazing14@gmail.com', isFreeProvisioningTeam='0'>">
	<IDEDistributionContext: 0x898919400; archive = "<IDEArchive: 0x87ae94e00>", distributionMethod="<IDEDistributionMethodiOSAppStoreDistribution: 0x87b1b5e30>", team="<IDEProvisioningDisambiguatableBasicTeam: 0x88aeca940; teamID='WXSH8JXZQQ', teamName='Jaskaran Singh', teamType='Individual', username='jazing14@gmail.com', isFreeProvisioningTeam='0'>">
	<IDEDistributionContext: 0x898919180; archive = "<IDEArchive: 0x87ae94e00>", distributionMethod="<IDEDistributionMethodiOSAppStoreDistribution: 0x87b1b5e30>", team="<IDEProvisioningDisambiguatableBasicTeam: 0x88aeca940; teamID='WXSH8JXZQQ', teamName='Jaskaran Singh', teamType='Individual', username='jazing14@gmail.com', isFreeProvisioningTeam='0'>">
	<IDEDistributionContext: 0x89747ed00; archive = "<IDEArchive: 0x87ae94e00>", distributionMethod="<IDEDistributionMethodiOSAppStoreDistribution: 0x87b1b5e30>", team="<IDEProvisioningDisambiguatableBasicTeam: 0x88aeca940; teamID='WXSH8JXZQQ', teamName='Jaskaran Singh', teamType='Individual', username='jazing14@gmail.com', isFreeProvisioningTeam='0'>">
	<IDEDistributionContext: 0x897f70000; archive = "<IDEArchive: 0x87ae94e00>", distributionMethod="<IDEDistributionMethodiOSAppStoreDistribution: 0x87b1b5e30>", team="<IDEProvisioningDisambiguatableBasicTeam: 0x88aeca940; teamID='WXSH8JXZQQ', teamName='Jaskaran Singh', teamType='Individual', username='jazing14@gmail.com', isFreeProvisioningTeam='0'>">
	<IDEDistributionContext: 0x893807980; archive = "<IDEArchive: 0x87ae94e00>", distributionMethod="<IDEDistributionMethodiOSAppStoreDistribution: 0x87b1b5e30>", team="<IDEProvisioningDisambiguatableBasicTeam: 0x88aeca940; teamID='WXSH8JXZQQ', teamName='Jaskaran Singh', teamType='Individual', username='jazing14@gmail.com', isFreeProvisioningTeam='0'>">
	<IDEDistributionContext: 0x898181680; archive = "<IDEArchive: 0x87ae94e00>", distributionMethod="<IDEDistributionMethodiOSAppStoreDistribution: 0x87b1b5e30>", team="(null)">
	<IDEDistributionContext: 0x89756ad00; archive = "<IDEArchive: 0x87ae94e00>", distributionMethod="<IDEDistributionMethodiOSAppStoreDistribution: 0x87b1b5e30>", team="(null)">
	<IDEDistributionContext: 0x898182f80; archive = "<IDEArchive: 0x87ae94e00>", distributionMethod="(null)", team="(null)">
	<IDEDistributionContext: 0x898183700; archive = "<IDEArchive: 0x87ae94e00>", distributionMethod="(null)", team="(null)">
	<IDEDistributionContext: 0x898182080; archive = "<IDEArchive: 0x87ae94e00>", distributionMethod="(null)", team="(null)">
</IDEDistributionContext: 0x897fc2800>
2026-04-21 21:37:15 +0000  Running step: IDEDistributionSigningAssetsStep with <IDEDistributionContext: 0x897575e00; archive(resolved)="<IDEArchive: 0x87ae94e00>", distributionTask(resolved)="2", distributionDestination(resolved)="2", distributionMethod(resolved)="<IDEDistributionMethodiOSAppStoreDistribution: 0x87b1b5e30>", team(resolved)="<IDEProvisioningDisambiguatableBasicTeam: 0x88aeca940; teamID='WXSH8JXZQQ', teamName='Jaskaran Singh', teamType='Individual', username='jazing14@gmail.com', isFreeProvisioningTeam='0'>">
	Chain (13, self inclusive):
	<IDEDistributionContext: 0x897575e00; archive = "<IDEArchive: 0x87ae94e00>", distributionMethod="<IDEDistributionMethodiOSAppStoreDistribution: 0x87b1b5e30>", team="<IDEProvisioningDisambiguatableBasicTeam: 0x88aeca940; teamID='WXSH8JXZQQ', teamName='Jaskaran Singh', teamType='Individual', username='jazing14@gmail.com', isFreeProvisioningTeam='0'>">
	<IDEDistributionContext: 0x897fc2800; archive = "<IDEArchive: 0x87ae94e00>", distributionMethod="<IDEDistributionMethodiOSAppStoreDistribution: 0x87b1b5e30>", team="<IDEProvisioningDisambiguatableBasicTeam: 0x88aeca940; teamID='WXSH8JXZQQ', teamName='Jaskaran Singh', teamType='Individual', username='jazing14@gmail.com', isFreeProvisioningTeam='0'>">
	<IDEDistributionContext: 0x898918000; archive = "<IDEArchive: 0x87ae94e00>", distributionMethod="<IDEDistributionMethodiOSAppStoreDistribution: 0x87b1b5e30>", team="<IDEProvisioningDisambiguatableBasicTeam: 0x88aeca940; teamID='WXSH8JXZQQ', teamName='Jaskaran Singh', teamType='Individual', username='jazing14@gmail.com', isFreeProvisioningTeam='0'>">
	<IDEDistributionContext: 0x898919400; archive = "<IDEArchive: 0x87ae94e00>", distributionMethod="<IDEDistributionMethodiOSAppStoreDistribution: 0x87b1b5e30>", team="<IDEProvisioningDisambiguatableBasicTeam: 0x88aeca940; teamID='WXSH8JXZQQ', teamName='Jaskaran Singh', teamType='Individual', username='jazing14@gmail.com', isFreeProvisioningTeam='0'>">
	<IDEDistributionContext: 0x898919180; archive = "<IDEArchive: 0x87ae94e00>", distributionMethod="<IDEDistributionMethodiOSAppStoreDistribution: 0x87b1b5e30>", team="<IDEProvisioningDisambiguatableBasicTeam: 0x88aeca940; teamID='WXSH8JXZQQ', teamName='Jaskaran Singh', teamType='Individual', username='jazing14@gmail.com', isFreeProvisioningTeam='0'>">
	<IDEDistributionContext: 0x89747ed00; archive = "<IDEArchive: 0x87ae94e00>", distributionMethod="<IDEDistributionMethodiOSAppStoreDistribution: 0x87b1b5e30>", team="<IDEProvisioningDisambiguatableBasicTeam: 0x88aeca940; teamID='WXSH8JXZQQ', teamName='Jaskaran Singh', teamType='Individual', username='jazing14@gmail.com', isFreeProvisioningTeam='0'>">
	<IDEDistributionContext: 0x897f70000; archive = "<IDEArchive: 0x87ae94e00>", distributionMethod="<IDEDistributionMethodiOSAppStoreDistribution: 0x87b1b5e30>", team="<IDEProvisioningDisambiguatableBasicTeam: 0x88aeca940; teamID='WXSH8JXZQQ', teamName='Jaskaran Singh', teamType='Individual', username='jazing14@gmail.com', isFreeProvisioningTeam='0'>">
	<IDEDistributionContext: 0x893807980; archive = "<IDEArchive: 0x87ae94e00>", distributionMethod="<IDEDistributionMethodiOSAppStoreDistribution: 0x87b1b5e30>", team="<IDEProvisioningDisambiguatableBasicTeam: 0x88aeca940; teamID='WXSH8JXZQQ', teamName='Jaskaran Singh', teamType='Individual', username='jazing14@gmail.com', isFreeProvisioningTeam='0'>">
	<IDEDistributionContext: 0x898181680; archive = "<IDEArchive: 0x87ae94e00>", distributionMethod="<IDEDistributionMethodiOSAppStoreDistribution: 0x87b1b5e30>", team="(null)">
	<IDEDistributionContext: 0x89756ad00; archive = "<IDEArchive: 0x87ae94e00>", distributionMethod="<IDEDistributionMethodiOSAppStoreDistribution: 0x87b1b5e30>", team="(null)">
	<IDEDistributionContext: 0x898182f80; archive = "<IDEArchive: 0x87ae94e00>", distributionMethod="(null)", team="(null)">
	<IDEDistributionContext: 0x898183700; archive = "<IDEArchive: 0x87ae94e00>", distributionMethod="(null)", team="(null)">
	<IDEDistributionContext: 0x898182080; archive = "<IDEArchive: 0x87ae94e00>", distributionMethod="(null)", team="(null)">
</IDEDistributionContext: 0x897575e00>
2026-04-21 21:37:16 +0000  Running step: IDEDistributionPackagingStep with <IDEDistributionContext: 0x895eeaf80; archive(resolved)="<IDEArchive: 0x87ae94e00>", distributionTask(resolved)="2", distributionDestination(resolved)="2", distributionMethod(resolved)="<IDEDistributionMethodiOSAppStoreDistribution: 0x87b1b5e30>", team(resolved)="<IDEProvisioningDisambiguatableBasicTeam: 0x88aeca940; teamID='WXSH8JXZQQ', teamName='Jaskaran Singh', teamType='Individual', username='jazing14@gmail.com', isFreeProvisioningTeam='0'>">
	Chain (14, self inclusive):
	<IDEDistributionContext: 0x895eeaf80; archive = "<IDEArchive: 0x87ae94e00>", distributionMethod="<IDEDistributionMethodiOSAppStoreDistribution: 0x87b1b5e30>", team="<IDEProvisioningDisambiguatableBasicTeam: 0x88aeca940; teamID='WXSH8JXZQQ', teamName='Jaskaran Singh', teamType='Individual', username='jazing14@gmail.com', isFreeProvisioningTeam='0'>">
	<IDEDistributionContext: 0x897575e00; archive = "<IDEArchive: 0x87ae94e00>", distributionMethod="<IDEDistributionMethodiOSAppStoreDistribution: 0x87b1b5e30>", team="<IDEProvisioningDisambiguatableBasicTeam: 0x88aeca940; teamID='WXSH8JXZQQ', teamName='Jaskaran Singh', teamType='Individual', username='jazing14@gmail.com', isFreeProvisioningTeam='0'>">
	<IDEDistributionContext: 0x897fc2800; archive = "<IDEArchive: 0x87ae94e00>", distributionMethod="<IDEDistributionMethodiOSAppStoreDistribution: 0x87b1b5e30>", team="<IDEProvisioningDisambiguatableBasicTeam: 0x88aeca940; teamID='WXSH8JXZQQ', teamName='Jaskaran Singh', teamType='Individual', username='jazing14@gmail.com', isFreeProvisioningTeam='0'>">
	<IDEDistributionContext: 0x898918000; archive = "<IDEArchive: 0x87ae94e00>", distributionMethod="<IDEDistributionMethodiOSAppStoreDistribution: 0x87b1b5e30>", team="<IDEProvisioningDisambiguatableBasicTeam: 0x88aeca940; teamID='WXSH8JXZQQ', teamName='Jaskaran Singh', teamType='Individual', username='jazing14@gmail.com', isFreeProvisioningTeam='0'>">
	<IDEDistributionContext: 0x898919400; archive = "<IDEArchive: 0x87ae94e00>", distributionMethod="<IDEDistributionMethodiOSAppStoreDistribution: 0x87b1b5e30>", team="<IDEProvisioningDisambiguatableBasicTeam: 0x88aeca940; teamID='WXSH8JXZQQ', teamName='Jaskaran Singh', teamType='Individual', username='jazing14@gmail.com', isFreeProvisioningTeam='0'>">
	<IDEDistributionContext: 0x898919180; archive = "<IDEArchive: 0x87ae94e00>", distributionMethod="<IDEDistributionMethodiOSAppStoreDistribution: 0x87b1b5e30>", team="<IDEProvisioningDisambiguatableBasicTeam: 0x88aeca940; teamID='WXSH8JXZQQ', teamName='Jaskaran Singh', teamType='Individual', username='jazing14@gmail.com', isFreeProvisioningTeam='0'>">
	<IDEDistributionContext: 0x89747ed00; archive = "<IDEArchive: 0x87ae94e00>", distributionMethod="<IDEDistributionMethodiOSAppStoreDistribution: 0x87b1b5e30>", team="<IDEProvisioningDisambiguatableBasicTeam: 0x88aeca940; teamID='WXSH8JXZQQ', teamName='Jaskaran Singh', teamType='Individual', username='jazing14@gmail.com', isFreeProvisioningTeam='0'>">
	<IDEDistributionContext: 0x897f70000; archive = "<IDEArchive: 0x87ae94e00>", distributionMethod="<IDEDistributionMethodiOSAppStoreDistribution: 0x87b1b5e30>", team="<IDEProvisioningDisambiguatableBasicTeam: 0x88aeca940; teamID='WXSH8JXZQQ', teamName='Jaskaran Singh', teamType='Individual', username='jazing14@gmail.com', isFreeProvisioningTeam='0'>">
	<IDEDistributionContext: 0x893807980; archive = "<IDEArchive: 0x87ae94e00>", distributionMethod="<IDEDistributionMethodiOSAppStoreDistribution: 0x87b1b5e30>", team="<IDEProvisioningDisambiguatableBasicTeam: 0x88aeca940; teamID='WXSH8JXZQQ', teamName='Jaskaran Singh', teamType='Individual', username='jazing14@gmail.com', isFreeProvisioningTeam='0'>">
	<IDEDistributionContext: 0x898181680; archive = "<IDEArchive: 0x87ae94e00>", distributionMethod="<IDEDistributionMethodiOSAppStoreDistribution: 0x87b1b5e30>", team="(null)">
	<IDEDistributionContext: 0x89756ad00; archive = "<IDEArchive: 0x87ae94e00>", distributionMethod="<IDEDistributionMethodiOSAppStoreDistribution: 0x87b1b5e30>", team="(null)">
	<IDEDistributionContext: 0x898182f80; archive = "<IDEArchive: 0x87ae94e00>", distributionMethod="(null)", team="(null)">
	<IDEDistributionContext: 0x898183700; archive = "<IDEArchive: 0x87ae94e00>", distributionMethod="(null)", team="(null)">
	<IDEDistributionContext: 0x898182080; archive = "<IDEArchive: 0x87ae94e00>", distributionMethod="(null)", team="(null)">
</IDEDistributionContext: 0x895eeaf80>
2026-04-21 21:37:17 +0000  Running step: IDEDistributionSummaryStep with <IDEDistributionContext: 0x898180c80; archive(resolved)="<IDEArchive: 0x87ae94e00>", distributionTask(resolved)="2", distributionDestination(resolved)="2", distributionMethod(resolved)="<IDEDistributionMethodiOSAppStoreDistribution: 0x87b1b5e30>", team(resolved)="<IDEProvisioningDisambiguatableBasicTeam: 0x88aeca940; teamID='WXSH8JXZQQ', teamName='Jaskaran Singh', teamType='Individual', username='jazing14@gmail.com', isFreeProvisioningTeam='0'>">
	Chain (15, self inclusive):
	<IDEDistributionContext: 0x898180c80; archive = "<IDEArchive: 0x87ae94e00>", distributionMethod="<IDEDistributionMethodiOSAppStoreDistribution: 0x87b1b5e30>", team="<IDEProvisioningDisambiguatableBasicTeam: 0x88aeca940; teamID='WXSH8JXZQQ', teamName='Jaskaran Singh', teamType='Individual', username='jazing14@gmail.com', isFreeProvisioningTeam='0'>">
	<IDEDistributionContext: 0x895eeaf80; archive = "<IDEArchive: 0x87ae94e00>", distributionMethod="<IDEDistributionMethodiOSAppStoreDistribution: 0x87b1b5e30>", team="<IDEProvisioningDisambiguatableBasicTeam: 0x88aeca940; teamID='WXSH8JXZQQ', teamName='Jaskaran Singh', teamType='Individual', username='jazing14@gmail.com', isFreeProvisioningTeam='0'>">
	<IDEDistributionContext: 0x897575e00; archive = "<IDEArchive: 0x87ae94e00>", distributionMethod="<IDEDistributionMethodiOSAppStoreDistribution: 0x87b1b5e30>", team="<IDEProvisioningDisambiguatableBasicTeam: 0x88aeca940; teamID='WXSH8JXZQQ', teamName='Jaskaran Singh', teamType='Individual', username='jazing14@gmail.com', isFreeProvisioningTeam='0'>">
	<IDEDistributionContext: 0x897fc2800; archive = "<IDEArchive: 0x87ae94e00>", distributionMethod="<IDEDistributionMethodiOSAppStoreDistribution: 0x87b1b5e30>", team="<IDEProvisioningDisambiguatableBasicTeam: 0x88aeca940; teamID='WXSH8JXZQQ', teamName='Jaskaran Singh', teamType='Individual', username='jazing14@gmail.com', isFreeProvisioningTeam='0'>">
	<IDEDistributionContext: 0x898918000; archive = "<IDEArchive: 0x87ae94e00>", distributionMethod="<IDEDistributionMethodiOSAppStoreDistribution: 0x87b1b5e30>", team="<IDEProvisioningDisambiguatableBasicTeam: 0x88aeca940; teamID='WXSH8JXZQQ', teamName='Jaskaran Singh', teamType='Individual', username='jazing14@gmail.com', isFreeProvisioningTeam='0'>">
	<IDEDistributionContext: 0x898919400; archive = "<IDEArchive: 0x87ae94e00>", distributionMethod="<IDEDistributionMethodiOSAppStoreDistribution: 0x87b1b5e30>", team="<IDEProvisioningDisambiguatableBasicTeam: 0x88aeca940; teamID='WXSH8JXZQQ', teamName='Jaskaran Singh', teamType='Individual', username='jazing14@gmail.com', isFreeProvisioningTeam='0'>">
	<IDEDistributionContext: 0x898919180; archive = "<IDEArchive: 0x87ae94e00>", distributionMethod="<IDEDistributionMethodiOSAppStoreDistribution: 0x87b1b5e30>", team="<IDEProvisioningDisambiguatableBasicTeam: 0x88aeca940; teamID='WXSH8JXZQQ', teamName='Jaskaran Singh', teamType='Individual', username='jazing14@gmail.com', isFreeProvisioningTeam='0'>">
	<IDEDistributionContext: 0x89747ed00; archive = "<IDEArchive: 0x87ae94e00>", distributionMethod="<IDEDistributionMethodiOSAppStoreDistribution: 0x87b1b5e30>", team="<IDEProvisioningDisambiguatableBasicTeam: 0x88aeca940; teamID='WXSH8JXZQQ', teamName='Jaskaran Singh', teamType='Individual', username='jazing14@gmail.com', isFreeProvisioningTeam='0'>">
	<IDEDistributionContext: 0x897f70000; archive = "<IDEArchive: 0x87ae94e00>", distributionMethod="<IDEDistributionMethodiOSAppStoreDistribution: 0x87b1b5e30>", team="<IDEProvisioningDisambiguatableBasicTeam: 0x88aeca940; teamID='WXSH8JXZQQ', teamName='Jaskaran Singh', teamType='Individual', username='jazing14@gmail.com', isFreeProvisioningTeam='0'>">
	<IDEDistributionContext: 0x893807980; archive = "<IDEArchive: 0x87ae94e00>", distributionMethod="<IDEDistributionMethodiOSAppStoreDistribution: 0x87b1b5e30>", team="<IDEProvisioningDisambiguatableBasicTeam: 0x88aeca940; teamID='WXSH8JXZQQ', teamName='Jaskaran Singh', teamType='Individual', username='jazing14@gmail.com', isFreeProvisioningTeam='0'>">
	<IDEDistributionContext: 0x898181680; archive = "<IDEArchive: 0x87ae94e00>", distributionMethod="<IDEDistributionMethodiOSAppStoreDistribution: 0x87b1b5e30>", team="(null)">
	<IDEDistributionContext: 0x89756ad00; archive = "<IDEArchive: 0x87ae94e00>", distributionMethod="<IDEDistributionMethodiOSAppStoreDistribution: 0x87b1b5e30>", team="(null)">
	<IDEDistributionContext: 0x898182f80; archive = "<IDEArchive: 0x87ae94e00>", distributionMethod="(null)", team="(null)">
	<IDEDistributionContext: 0x898183700; archive = "<IDEArchive: 0x87ae94e00>", distributionMethod="(null)", team="(null)">
	<IDEDistributionContext: 0x898182080; archive = "<IDEArchive: 0x87ae94e00>", distributionMethod="(null)", team="(null)">
</IDEDistributionContext: 0x898180c80>
2026-04-21 21:37:17 +0000  Running step: IDEDistributionUploadStep with <IDEDistributionContext: 0x8989caf80; archive(resolved)="<IDEArchive: 0x87ae94e00>", distributionTask(resolved)="2", distributionDestination(resolved)="2", distributionMethod(resolved)="<IDEDistributionMethodiOSAppStoreDistribution: 0x87b1b5e30>", team(resolved)="<IDEProvisioningDisambiguatableBasicTeam: 0x88aeca940; teamID='WXSH8JXZQQ', teamName='Jaskaran Singh', teamType='Individual', username='jazing14@gmail.com', isFreeProvisioningTeam='0'>">
	Chain (16, self inclusive):
	<IDEDistributionContext: 0x8989caf80; archive = "<IDEArchive: 0x87ae94e00>", distributionMethod="<IDEDistributionMethodiOSAppStoreDistribution: 0x87b1b5e30>", team="<IDEProvisioningDisambiguatableBasicTeam: 0x88aeca940; teamID='WXSH8JXZQQ', teamName='Jaskaran Singh', teamType='Individual', username='jazing14@gmail.com', isFreeProvisioningTeam='0'>">
	<IDEDistributionContext: 0x898180c80; archive = "<IDEArchive: 0x87ae94e00>", distributionMethod="<IDEDistributionMethodiOSAppStoreDistribution: 0x87b1b5e30>", team="<IDEProvisioningDisambiguatableBasicTeam: 0x88aeca940; teamID='WXSH8JXZQQ', teamName='Jaskaran Singh', teamType='Individual', username='jazing14@gmail.com', isFreeProvisioningTeam='0'>">
	<IDEDistributionContext: 0x895eeaf80; archive = "<IDEArchive: 0x87ae94e00>", distributionMethod="<IDEDistributionMethodiOSAppStoreDistribution: 0x87b1b5e30>", team="<IDEProvisioningDisambiguatableBasicTeam: 0x88aeca940; teamID='WXSH8JXZQQ', teamName='Jaskaran Singh', teamType='Individual', username='jazing14@gmail.com', isFreeProvisioningTeam='0'>">
	<IDEDistributionContext: 0x897575e00; archive = "<IDEArchive: 0x87ae94e00>", distributionMethod="<IDEDistributionMethodiOSAppStoreDistribution: 0x87b1b5e30>", team="<IDEProvisioningDisambiguatableBasicTeam: 0x88aeca940; teamID='WXSH8JXZQQ', teamName='Jaskaran Singh', teamType='Individual', username='jazing14@gmail.com', isFreeProvisioningTeam='0'>">
	<IDEDistributionContext: 0x897fc2800; archive = "<IDEArchive: 0x87ae94e00>", distributionMethod="<IDEDistributionMethodiOSAppStoreDistribution: 0x87b1b5e30>", team="<IDEProvisioningDisambiguatableBasicTeam: 0x88aeca940; teamID='WXSH8JXZQQ', teamName='Jaskaran Singh', teamType='Individual', username='jazing14@gmail.com', isFreeProvisioningTeam='0'>">
	<IDEDistributionContext: 0x898918000; archive = "<IDEArchive: 0x87ae94e00>", distributionMethod="<IDEDistributionMethodiOSAppStoreDistribution: 0x87b1b5e30>", team="<IDEProvisioningDisambiguatableBasicTeam: 0x88aeca940; teamID='WXSH8JXZQQ', teamName='Jaskaran Singh', teamType='Individual', username='jazing14@gmail.com', isFreeProvisioningTeam='0'>">
	<IDEDistributionContext: 0x898919400; archive = "<IDEArchive: 0x87ae94e00>", distributionMethod="<IDEDistributionMethodiOSAppStoreDistribution: 0x87b1b5e30>", team="<IDEProvisioningDisambiguatableBasicTeam: 0x88aeca940; teamID='WXSH8JXZQQ', teamName='Jaskaran Singh', teamType='Individual', username='jazing14@gmail.com', isFreeProvisioningTeam='0'>">
	<IDEDistributionContext: 0x898919180; archive = "<IDEArchive: 0x87ae94e00>", distributionMethod="<IDEDistributionMethodiOSAppStoreDistribution: 0x87b1b5e30>", team="<IDEProvisioningDisambiguatableBasicTeam: 0x88aeca940; teamID='WXSH8JXZQQ', teamName='Jaskaran Singh', teamType='Individual', username='jazing14@gmail.com', isFreeProvisioningTeam='0'>">
	<IDEDistributionContext: 0x89747ed00; archive = "<IDEArchive: 0x87ae94e00>", distributionMethod="<IDEDistributionMethodiOSAppStoreDistribution: 0x87b1b5e30>", team="<IDEProvisioningDisambiguatableBasicTeam: 0x88aeca940; teamID='WXSH8JXZQQ', teamName='Jaskaran Singh', teamType='Individual', username='jazing14@gmail.com', isFreeProvisioningTeam='0'>">
	<IDEDistributionContext: 0x897f70000; archive = "<IDEArchive: 0x87ae94e00>", distributionMethod="<IDEDistributionMethodiOSAppStoreDistribution: 0x87b1b5e30>", team="<IDEProvisioningDisambiguatableBasicTeam: 0x88aeca940; teamID='WXSH8JXZQQ', teamName='Jaskaran Singh', teamType='Individual', username='jazing14@gmail.com', isFreeProvisioningTeam='0'>">
	<IDEDistributionContext: 0x893807980; archive = "<IDEArchive: 0x87ae94e00>", distributionMethod="<IDEDistributionMethodiOSAppStoreDistribution: 0x87b1b5e30>", team="<IDEProvisioningDisambiguatableBasicTeam: 0x88aeca940; teamID='WXSH8JXZQQ', teamName='Jaskaran Singh', teamType='Individual', username='jazing14@gmail.com', isFreeProvisioningTeam='0'>">
	<IDEDistributionContext: 0x898181680; archive = "<IDEArchive: 0x87ae94e00>", distributionMethod="<IDEDistributionMethodiOSAppStoreDistribution: 0x87b1b5e30>", team="(null)">
	<IDEDistributionContext: 0x89756ad00; archive = "<IDEArchive: 0x87ae94e00>", distributionMethod="<IDEDistributionMethodiOSAppStoreDistribution: 0x87b1b5e30>", team="(null)">
	<IDEDistributionContext: 0x898182f80; archive = "<IDEArchive: 0x87ae94e00>", distributionMethod="(null)", team="(null)">
	<IDEDistributionContext: 0x898183700; archive = "<IDEArchive: 0x87ae94e00>", distributionMethod="(null)", team="(null)">
	<IDEDistributionContext: 0x898182080; archive = "<IDEArchive: 0x87ae94e00>", distributionMethod="(null)", team="(null)">
</IDEDistributionContext: 0x8989caf80>
2026-04-21 21:38:19 +0000  Running step: IDEDistributionResultStep with <IDEDistributionContext: 0x8989c8500; archive(resolved)="<IDEArchive: 0x87ae94e00>", distributionTask(resolved)="2", distributionDestination(resolved)="2", distributionMethod(resolved)="<IDEDistributionMethodiOSAppStoreDistribution: 0x87b1b5e30>", team(resolved)="<IDEProvisioningDisambiguatableBasicTeam: 0x88aeca940; teamID='WXSH8JXZQQ', teamName='Jaskaran Singh', teamType='Individual', username='jazing14@gmail.com', isFreeProvisioningTeam='0'>">
	Chain (17, self inclusive):
	<IDEDistributionContext: 0x8989c8500; archive = "<IDEArchive: 0x87ae94e00>", distributionMethod="<IDEDistributionMethodiOSAppStoreDistribution: 0x87b1b5e30>", team="<IDEProvisioningDisambiguatableBasicTeam: 0x88aeca940; teamID='WXSH8JXZQQ', teamName='Jaskaran Singh', teamType='Individual', username='jazing14@gmail.com', isFreeProvisioningTeam='0'>">
	<IDEDistributionContext: 0x8989caf80; archive = "<IDEArchive: 0x87ae94e00>", distributionMethod="<IDEDistributionMethodiOSAppStoreDistribution: 0x87b1b5e30>", team="<IDEProvisioningDisambiguatableBasicTeam: 0x88aeca940; teamID='WXSH8JXZQQ', teamName='Jaskaran Singh', teamType='Individual', username='jazing14@gmail.com', isFreeProvisioningTeam='0'>">
	<IDEDistributionContext: 0x898180c80; archive = "<IDEArchive: 0x87ae94e00>", distributionMethod="<IDEDistributionMethodiOSAppStoreDistribution: 0x87b1b5e30>", team="<IDEProvisioningDisambiguatableBasicTeam: 0x88aeca940; teamID='WXSH8JXZQQ', teamName='Jaskaran Singh', teamType='Individual', username='jazing14@gmail.com', isFreeProvisioningTeam='0'>">
	<IDEDistributionContext: 0x895eeaf80; archive = "<IDEArchive: 0x87ae94e00>", distributionMethod="<IDEDistributionMethodiOSAppStoreDistribution: 0x87b1b5e30>", team="<IDEProvisioningDisambiguatableBasicTeam: 0x88aeca940; teamID='WXSH8JXZQQ', teamName='Jaskaran Singh', teamType='Individual', username='jazing14@gmail.com', isFreeProvisioningTeam='0'>">
	<IDEDistributionContext: 0x897575e00; archive = "<IDEArchive: 0x87ae94e00>", distributionMethod="<IDEDistributionMethodiOSAppStoreDistribution: 0x87b1b5e30>", team="<IDEProvisioningDisambiguatableBasicTeam: 0x88aeca940; teamID='WXSH8JXZQQ', teamName='Jaskaran Singh', teamType='Individual', username='jazing14@gmail.com', isFreeProvisioningTeam='0'>">
	<IDEDistributionContext: 0x897fc2800; archive = "<IDEArchive: 0x87ae94e00>", distributionMethod="<IDEDistributionMethodiOSAppStoreDistribution: 0x87b1b5e30>", team="<IDEProvisioningDisambiguatableBasicTeam: 0x88aeca940; teamID='WXSH8JXZQQ', teamName='Jaskaran Singh', teamType='Individual', username='jazing14@gmail.com', isFreeProvisioningTeam='0'>">
	<IDEDistributionContext: 0x898918000; archive = "<IDEArchive: 0x87ae94e00>", distributionMethod="<IDEDistributionMethodiOSAppStoreDistribution: 0x87b1b5e30>", team="<IDEProvisioningDisambiguatableBasicTeam: 0x88aeca940; teamID='WXSH8JXZQQ', teamName='Jaskaran Singh', teamType='Individual', username='jazing14@gmail.com', isFreeProvisioningTeam='0'>">
	<IDEDistributionContext: 0x898919400; archive = "<IDEArchive: 0x87ae94e00>", distributionMethod="<IDEDistributionMethodiOSAppStoreDistribution: 0x87b1b5e30>", team="<IDEProvisioningDisambiguatableBasicTeam: 0x88aeca940; teamID='WXSH8JXZQQ', teamName='Jaskaran Singh', teamType='Individual', username='jazing14@gmail.com', isFreeProvisioningTeam='0'>">
	<IDEDistributionContext: 0x898919180; archive = "<IDEArchive: 0x87ae94e00>", distributionMethod="<IDEDistributionMethodiOSAppStoreDistribution: 0x87b1b5e30>", team="<IDEProvisioningDisambiguatableBasicTeam: 0x88aeca940; teamID='WXSH8JXZQQ', teamName='Jaskaran Singh', teamType='Individual', username='jazing14@gmail.com', isFreeProvisioningTeam='0'>">
	<IDEDistributionContext: 0x89747ed00; archive = "<IDEArchive: 0x87ae94e00>", distributionMethod="<IDEDistributionMethodiOSAppStoreDistribution: 0x87b1b5e30>", team="<IDEProvisioningDisambiguatableBasicTeam: 0x88aeca940; teamID='WXSH8JXZQQ', teamName='Jaskaran Singh', teamType='Individual', username='jazing14@gmail.com', isFreeProvisioningTeam='0'>">
	<IDEDistributionContext: 0x897f70000; archive = "<IDEArchive: 0x87ae94e00>", distributionMethod="<IDEDistributionMethodiOSAppStoreDistribution: 0x87b1b5e30>", team="<IDEProvisioningDisambiguatableBasicTeam: 0x88aeca940; teamID='WXSH8JXZQQ', teamName='Jaskaran Singh', teamType='Individual', username='jazing14@gmail.com', isFreeProvisioningTeam='0'>">
	<IDEDistributionContext: 0x893807980; archive = "<IDEArchive: 0x87ae94e00>", distributionMethod="<IDEDistributionMethodiOSAppStoreDistribution: 0x87b1b5e30>", team="<IDEProvisioningDisambiguatableBasicTeam: 0x88aeca940; teamID='WXSH8JXZQQ', teamName='Jaskaran Singh', teamType='Individual', username='jazing14@gmail.com', isFreeProvisioningTeam='0'>">
	<IDEDistributionContext: 0x898181680; archive = "<IDEArchive: 0x87ae94e00>", distributionMethod="<IDEDistributionMethodiOSAppStoreDistribution: 0x87b1b5e30>", team="(null)">
	<IDEDistributionContext: 0x89756ad00; archive = "<IDEArchive: 0x87ae94e00>", distributionMethod="<IDEDistributionMethodiOSAppStoreDistribution: 0x87b1b5e30>", team="(null)">
	<IDEDistributionContext: 0x898182f80; archive = "<IDEArchive: 0x87ae94e00>", distributionMethod="(null)", team="(null)">
	<IDEDistributionContext: 0x898183700; archive = "<IDEArchive: 0x87ae94e00>", distributionMethod="(null)", team="(null)">
	<IDEDistributionContext: 0x898182080; archive = "<IDEArchive: 0x87ae94e00>", distributionMethod="(null)", team="(null)">
</IDEDistributionContext: 0x8989c8500>
2026-04-21 21:38:19 +0000 [MT] Proceeding to distribution step IDEDistributionResultStepViewController, context: <IDEDistributionContext: 0x892bb3700; archive(resolved)="<IDEArchive: 0x87ae94e00>", distributionTask(resolved)="2", distributionDestination(resolved)="2", distributionMethod(resolved)="<IDEDistributionMethodiOSAppStoreDistribution: 0x87b1b5e30>", team(resolved)="<IDEProvisioningDisambiguatableBasicTeam: 0x88aeca940; teamID='WXSH8JXZQQ', teamName='Jaskaran Singh', teamType='Individual', username='jazing14@gmail.com', isFreeProvisioningTeam='0'>">
	Chain (20, self inclusive):
	<IDEDistributionContext: 0x892bb3700; archive = "<IDEArchive: 0x87ae94e00>", distributionMethod="<IDEDistributionMethodiOSAppStoreDistribution: 0x87b1b5e30>", team="<IDEProvisioningDisambiguatableBasicTeam: 0x88aeca940; teamID='WXSH8JXZQQ', teamName='Jaskaran Singh', teamType='Individual', username='jazing14@gmail.com', isFreeProvisioningTeam='0'>">
	<IDEDistributionContext: 0x892bc1e00; archive = "<IDEArchive: 0x87ae94e00>", distributionMethod="<IDEDistributionMethodiOSAppStoreDistribution: 0x87b1b5e30>", team="<IDEProvisioningDisambiguatableBasicTeam: 0x88aeca940; teamID='WXSH8JXZQQ', teamName='Jaskaran Singh', teamType='Individual', username='jazing14@gmail.com', isFreeProvisioningTeam='0'>">
	<IDEDistributionContext: 0x8971b9900; archive = "<IDEArchive: 0x87ae94e00>", distributionMethod="<IDEDistributionMethodiOSAppStoreDistribution: 0x87b1b5e30>", team="<IDEProvisioningDisambiguatableBasicTeam: 0x88aeca940; teamID='WXSH8JXZQQ', teamName='Jaskaran Singh', teamType='Individual', username='jazing14@gmail.com', isFreeProvisioningTeam='0'>">
	<IDEDistributionContext: 0x8989c8500; archive = "<IDEArchive: 0x87ae94e00>", distributionMethod="<IDEDistributionMethodiOSAppStoreDistribution: 0x87b1b5e30>", team="<IDEProvisioningDisambiguatableBasicTeam: 0x88aeca940; teamID='WXSH8JXZQQ', teamName='Jaskaran Singh', teamType='Individual', username='jazing14@gmail.com', isFreeProvisioningTeam='0'>">
	<IDEDistributionContext: 0x8989caf80; archive = "<IDEArchive: 0x87ae94e00>", distributionMethod="<IDEDistributionMethodiOSAppStoreDistribution: 0x87b1b5e30>", team="<IDEProvisioningDisambiguatableBasicTeam: 0x88aeca940; teamID='WXSH8JXZQQ', teamName='Jaskaran Singh', teamType='Individual', username='jazing14@gmail.com', isFreeProvisioningTeam='0'>">
	<IDEDistributionContext: 0x898180c80; archive = "<IDEArchive: 0x87ae94e00>", distributionMethod="<IDEDistributionMethodiOSAppStoreDistribution: 0x87b1b5e30>", team="<IDEProvisioningDisambiguatableBasicTeam: 0x88aeca940; teamID='WXSH8JXZQQ', teamName='Jaskaran Singh', teamType='Individual', username='jazing14@gmail.com', isFreeProvisioningTeam='0'>">
	<IDEDistributionContext: 0x895eeaf80; archive = "<IDEArchive: 0x87ae94e00>", distributionMethod="<IDEDistributionMethodiOSAppStoreDistribution: 0x87b1b5e30>", team="<IDEProvisioningDisambiguatableBasicTeam: 0x88aeca940; teamID='WXSH8JXZQQ', teamName='Jaskaran Singh', teamType='Individual', username='jazing14@gmail.com', isFreeProvisioningTeam='0'>">
	<IDEDistributionContext: 0x897575e00; archive = "<IDEArchive: 0x87ae94e00>", distributionMethod="<IDEDistributionMethodiOSAppStoreDistribution: 0x87b1b5e30>", team="<IDEProvisioningDisambiguatableBasicTeam: 0x88aeca940; teamID='WXSH8JXZQQ', teamName='Jaskaran Singh', teamType='Individual', username='jazing14@gmail.com', isFreeProvisioningTeam='0'>">
	<IDEDistributionContext: 0x897fc2800; archive = "<IDEArchive: 0x87ae94e00>", distributionMethod="<IDEDistributionMethodiOSAppStoreDistribution: 0x87b1b5e30>", team="<IDEProvisioningDisambiguatableBasicTeam: 0x88aeca940; teamID='WXSH8JXZQQ', teamName='Jaskaran Singh', teamType='Individual', username='jazing14@gmail.com', isFreeProvisioningTeam='0'>">
	<IDEDistributionContext: 0x898918000; archive = "<IDEArchive: 0x87ae94e00>", distributionMethod="<IDEDistributionMethodiOSAppStoreDistribution: 0x87b1b5e30>", team="<IDEProvisioningDisambiguatableBasicTeam: 0x88aeca940; teamID='WXSH8JXZQQ', teamName='Jaskaran Singh', teamType='Individual', username='jazing14@gmail.com', isFreeProvisioningTeam='0'>">
	<IDEDistributionContext: 0x898919400; archive = "<IDEArchive: 0x87ae94e00>", distributionMethod="<IDEDistributionMethodiOSAppStoreDistribution: 0x87b1b5e30>", team="<IDEProvisioningDisambiguatableBasicTeam: 0x88aeca940; teamID='WXSH8JXZQQ', teamName='Jaskaran Singh', teamType='Individual', username='jazing14@gmail.com', isFreeProvisioningTeam='0'>">
	<IDEDistributionContext: 0x898919180; archive = "<IDEArchive: 0x87ae94e00>", distributionMethod="<IDEDistributionMethodiOSAppStoreDistribution: 0x87b1b5e30>", team="<IDEProvisioningDisambiguatableBasicTeam: 0x88aeca940; teamID='WXSH8JXZQQ', teamName='Jaskaran Singh', teamType='Individual', username='jazing14@gmail.com', isFreeProvisioningTeam='0'>">
	<IDEDistributionContext: 0x89747ed00; archive = "<IDEArchive: 0x87ae94e00>", distributionMethod="<IDEDistributionMethodiOSAppStoreDistribution: 0x87b1b5e30>", team="<IDEProvisioningDisambiguatableBasicTeam: 0x88aeca940; teamID='WXSH8JXZQQ', teamName='Jaskaran Singh', teamType='Individual', username='jazing14@gmail.com', isFreeProvisioningTeam='0'>">
	<IDEDistributionContext: 0x897f70000; archive = "<IDEArchive: 0x87ae94e00>", distributionMethod="<IDEDistributionMethodiOSAppStoreDistribution: 0x87b1b5e30>", team="<IDEProvisioningDisambiguatableBasicTeam: 0x88aeca940; teamID='WXSH8JXZQQ', teamName='Jaskaran Singh', teamType='Individual', username='jazing14@gmail.com', isFreeProvisioningTeam='0'>">
	<IDEDistributionContext: 0x893807980; archive = "<IDEArchive: 0x87ae94e00>", distributionMethod="<IDEDistributionMethodiOSAppStoreDistribution: 0x87b1b5e30>", team="<IDEProvisioningDisambiguatableBasicTeam: 0x88aeca940; teamID='WXSH8JXZQQ', teamName='Jaskaran Singh', teamType='Individual', username='jazing14@gmail.com', isFreeProvisioningTeam='0'>">
	<IDEDistributionContext: 0x898181680; archive = "<IDEArchive: 0x87ae94e00>", distributionMethod="<IDEDistributionMethodiOSAppStoreDistribution: 0x87b1b5e30>", team="(null)">
	<IDEDistributionContext: 0x89756ad00; archive = "<IDEArchive: 0x87ae94e00>", distributionMethod="<IDEDistributionMethodiOSAppStoreDistribution: 0x87b1b5e30>", team="(null)">
	<IDEDistributionContext: 0x898182f80; archive = "<IDEArchive: 0x87ae94e00>", distributionMethod="(null)", team="(null)">
	<IDEDistributionContext: 0x898183700; archive = "<IDEArchive: 0x87ae94e00>", distributionMethod="(null)", team="(null)">
	<IDEDistributionContext: 0x898182080; archive = "<IDEArchive: 0x87ae94e00>", distributionMethod="(null)", team="(null)">
</IDEDistributionContext: 0x892bb3700>
2026-04-21 21:38:19 +0000 [MT] Upload for archive Tones had issues:
(
    "<IDEDistributionIssue: severity(error), error(Error Domain=ContentDelivery Code=90713 \"Missing Info.plist value. A value for the Info.plist key 'CFBundleIconName' is missing in the bundle 'tonesapp.Tones'. Apps built with iOS 11 or later SDK must supply app icons in an asset catalog and must also provide a value for this Info.plist key. For more information see http://help.apple.com/xcode/mac/current/#/dev10510b1f7.\" UserInfo={IDEDistributionIssueSeverity=3, NSLocalizedDescription=Missing Info.plist value. A value for the Info.plist key 'CFBundleIconName' is missing in the bundle 'tonesapp.Tones'. Apps built with iOS 11 or later SDK must supply app icons in an asset catalog and must also provide a value for this Info.plist key. For more information see http://help.apple.com/xcode/mac/current/#/dev10510b1f7., NSLocalizedRecoverySuggestion=The server\U2019s response was: \U2018{\n    code = 90713;\n    description = \"Missing Info.plist value. A value for the Info.plist key 'CFBundleIconName' is missing in the bundle 'tonesapp.Tones'. Apps built with iOS 11 or later SDK must supply app icons in an asset catalog and must also provide a value for this Info.plist key. For more information see http://help.apple.com/xcode/mac/current/#/dev10510b1f7.\";\n}\U2019.})>",
    "<IDEDistributionIssue: severity(error), error(Error Domain=ContentDelivery Code=90022 \"Missing required icon file. The bundle does not contain an app icon for iPhone / iPod Touch of exactly '120x120' pixels, in .png format for iOS versions >= 10.0. To support older versions of iOS, the icon may be required in the bundle outside of an asset catalog. Make sure the Info.plist file includes appropriate entries referencing the file. See https://developer.apple.com/documentation/bundleresources/information_property_list/user_interface.\" UserInfo={IDEDistributionIssueSeverity=3, NSLocalizedDescription=Missing required icon file. The bundle does not contain an app icon for iPhone / iPod Touch of exactly '120x120' pixels, in .png format for iOS versions >= 10.0. To support older versions of iOS, the icon may be required in the bundle outside of an asset catalog. Make sure the Info.plist file includes appropriate entries referencing the file. See https://developer.apple.com/documentation/bundleresources/information_property_list/user_interface., NSLocalizedRecoverySuggestion=The server\U2019s response was: \U2018{\n    code = 90022;\n    description = \"Missing required icon file. The bundle does not contain an app icon for iPhone / iPod Touch of exactly '120x120' pixels, in .png format for iOS versions >= 10.0. To support older versions of iOS, the icon may be required in the bundle outside of an asset catalog. Make sure the Info.plist file includes appropriate entries referencing the file. See https://developer.apple.com/documentation/bundleresources/information_property_list/user_interface.\";\n}\U2019.})>",
    "<IDEDistributionIssue: severity(error), error(Error Domain=ContentDelivery Code=90023 \"Missing required icon file. The bundle does not contain an app icon for iPad of exactly '152x152' pixels, in .png format for iOS versions >= 10.0. To support older operating systems, the icon may be required in the bundle outside of an asset catalog. Make sure the Info.plist file includes appropriate entries referencing the file. See https://developer.apple.com/documentation/bundleresources/information_property_list/user_interface.\" UserInfo={IDEDistributionIssueSeverity=3, NSLocalizedDescription=Missing required icon file. The bundle does not contain an app icon for iPad of exactly '152x152' pixels, in .png format for iOS versions >= 10.0. To support older operating systems, the icon may be required in the bundle outside of an asset catalog. Make sure the Info.plist file includes appropriate entries referencing the file. See https://developer.apple.com/documentation/bundleresources/information_property_list/user_interface., NSLocalizedRecoverySuggestion=The server\U2019s response was: \U2018{\n    code = 90023;\n    description = \"Missing required icon file. The bundle does not contain an app icon for iPad of exactly '152x152' pixels, in .png format for iOS versions >= 10.0. To support older operating systems, the icon may be required in the bundle outside of an asset catalog. Make sure the Info.plist file includes appropriate entries referencing the file. See https://developer.apple.com/documentation/bundleresources/information_property_list/user_interface.\";\n}\U2019.})>"
)
2026-04-21 21:50:54 +0000 [MT] Completed distribution assistant
