2026-04-21 21:37:11 +0000 [MT] Accepted distribution method <IDEDistributionMethodiOSAppStoreDistribution: 0x87b1b5e30>
2026-04-21 21:37:11 +0000 [MT] Rejected distribution method <IDEDistributionMethodTVOSAppStoreDistribution: 0x87b1b5420> because it doesn't support distributing archive
2026-04-21 21:37:11 +0000 [MT] Rejected distribution method <IDEDistributionMethodAppStoreDistributionVisionOS: 0x87b1b6900> because it doesn't support distributing archive
2026-04-21 21:37:11 +0000 [MT] Rejected distribution method <IDEDistributionMethodMacAppStoreDistribution: 0x87b1b53d0> because it doesn't support distributing archive
2026-04-21 21:37:11 +0000 [MT] Rejected distribution method <IDEDistributionMethodAdHocVisionOS: 0x87b1b4d10> because it doesn't support distributing archive
2026-04-21 21:37:11 +0000 [MT] Rejected distribution method <IDEDistributionMethodWatchOSAdHoc: 0x87b1b69d0> because it doesn't support distributing archive
2026-04-21 21:37:11 +0000 [MT] Rejected distribution method <IDEDistributionMethodTVOSAdHoc: 0x87b1b6ae0> because it doesn't support distributing archive
2026-04-21 21:37:11 +0000 [MT] Rejected distribution method <IDEDistributionMethodMacAdHoc: 0x87b1b7010> because it doesn't support distributing archive
2026-04-21 21:37:11 +0000 [MT] Accepted distribution method <IDEDistributionMethodiOSAdHoc: 0x87b1b4a20>
2026-04-21 21:37:11 +0000 [MT] Rejected distribution method <IDEDistributionMethodTVOSEnterprise: 0x87b1b5600> because it doesn't support distributing archive
2026-04-21 21:37:11 +0000 [MT] Rejected distribution method <IDEDistributionMethodWatchOSEnterprise: 0x87b1b70a0> because it doesn't support distributing archive
2026-04-21 21:37:11 +0000 [MT] Rejected distribution method <IDEDistributionMethodEnterpriseVisionOS: 0x87b1b68b0> because it doesn't support distributing archive
2026-04-21 21:37:11 +0000 [MT] Accepted distribution method <IDEDistributionMethodiOSEnterprise: 0x87b1b7530>
2026-04-21 21:37:11 +0000 [MT] Rejected distribution method <IDEDistributionMethodDevelopmentSignedVisionOS: 0x87b1b4460> because it doesn't support distributing archive
2026-04-21 21:37:11 +0000 [MT] Rejected distribution method <IDEDistributionMethodWatchOSDevelopmentSigned: 0x87b1b5f40> because it doesn't support distributing archive
2026-04-21 21:37:11 +0000 [MT] Accepted distribution method <IDEDistributionMethodDevelopmentSigned: 0x87b1b4b70>
2026-04-21 21:37:11 +0000 [MT] Rejected distribution method <IDEDistributionMethodTVOSDevelopmentSigned: 0x87b1b5c40> because it doesn't support distributing archive
2026-04-21 21:37:11 +0000 [MT] Rejected distribution method <IDEDistributionMethodDeveloperIDNotarizedApp: 0x87b1b5ee0> because it doesn't support distributing archive
2026-04-21 21:37:11 +0000 [MT] Rejected distribution method <IDEDistributionMethodDeveloperID: 0x87b1b75c0> because it doesn't support distributing archive
2026-04-21 21:37:11 +0000 [MT] Rejected distribution method <IDEDistributionMethodSaveBuiltProducts: 0x87b1b7080> because it doesn't support distributing archive
2026-04-21 21:37:11 +0000 [MT] Rejected distribution method <IDEDistributionMethodDevelopmentSignedMac: 0x87b1b7070> because it doesn't support distributing archive
2026-04-21 21:37:11 +0000 [MT] Rejected distribution method <IDEDistributionMethodMacApplication: 0x87b1b5270> because it doesn't support distributing archive
2026-04-21 21:37:11 +0000 [MT] Rejected distribution method <IDEDistributionMethodAppStoreValidationVisionOS: 0x87b1b7ff0> because it doesn't support distributing archive
2026-04-21 21:37:11 +0000 [MT] Rejected distribution method <IDEDistributionMethodTVOSAppStoreValidation: 0x87b1b5ae0> because it doesn't support distributing archive
2026-04-21 21:37:11 +0000 [MT] Rejected distribution method <IDEDistributionMethodMacAppStoreValidation: 0x87b1b5b00> because it doesn't support distributing archive
2026-04-21 21:37:11 +0000 [MT] Rejected distribution method <IDEDistributionMethodiOSAppStoreValidation: 0x87b1b71b0> because it doesn't support distributing archive
2026-04-21 21:37:11 +0000 [MT] Rejected distribution method <IDEDistributionMethodExportArchive: 0x87b1b6360> because it doesn't support distributing archive
2026-04-21 21:37:13 +0000  Accepted distribution method <IDEDistributionMethodiOSAppStoreDistribution: 0x87b1b5e30>
2026-04-21 21:37:13 +0000  Rejected distribution method <IDEDistributionMethodTVOSAppStoreDistribution: 0x87b1b5420> because it doesn't support distributing archive
2026-04-21 21:37:13 +0000  Rejected distribution method <IDEDistributionMethodAppStoreDistributionVisionOS: 0x87b1b6900> because it doesn't support distributing archive
2026-04-21 21:37:13 +0000  Rejected distribution method <IDEDistributionMethodMacAppStoreDistribution: 0x87b1b53d0> because it doesn't support distributing archive
2026-04-21 21:37:13 +0000  Rejected distribution method <IDEDistributionMethodAdHocVisionOS: 0x87b1b4d10> because it doesn't support distributing archive
2026-04-21 21:37:13 +0000  Rejected distribution method <IDEDistributionMethodWatchOSAdHoc: 0x87b1b69d0> because it doesn't support distributing archive
2026-04-21 21:37:13 +0000  Rejected distribution method <IDEDistributionMethodTVOSAdHoc: 0x87b1b6ae0> because it doesn't support distributing archive
2026-04-21 21:37:13 +0000  Rejected distribution method <IDEDistributionMethodMacAdHoc: 0x87b1b7010> because it doesn't support distributing archive
2026-04-21 21:37:13 +0000  Accepted distribution method <IDEDistributionMethodiOSAdHoc: 0x87b1b4a20>
2026-04-21 21:37:13 +0000  Rejected distribution method <IDEDistributionMethodTVOSEnterprise: 0x87b1b5600> because it doesn't support distributing archive
2026-04-21 21:37:13 +0000  Rejected distribution method <IDEDistributionMethodWatchOSEnterprise: 0x87b1b70a0> because it doesn't support distributing archive
2026-04-21 21:37:13 +0000  Rejected distribution method <IDEDistributionMethodEnterpriseVisionOS: 0x87b1b68b0> because it doesn't support distributing archive
2026-04-21 21:37:13 +0000  Accepted distribution method <IDEDistributionMethodiOSEnterprise: 0x87b1b7530>
2026-04-21 21:37:13 +0000  Rejected distribution method <IDEDistributionMethodDevelopmentSignedVisionOS: 0x87b1b4460> because it doesn't support distributing archive
2026-04-21 21:37:13 +0000  Rejected distribution method <IDEDistributionMethodWatchOSDevelopmentSigned: 0x87b1b5f40> because it doesn't support distributing archive
2026-04-21 21:37:13 +0000  Accepted distribution method <IDEDistributionMethodDevelopmentSigned: 0x87b1b4b70>
2026-04-21 21:37:13 +0000  Rejected distribution method <IDEDistributionMethodTVOSDevelopmentSigned: 0x87b1b5c40> because it doesn't support distributing archive
2026-04-21 21:37:13 +0000  Rejected distribution method <IDEDistributionMethodDeveloperIDNotarizedApp: 0x87b1b5ee0> because it doesn't support distributing archive
2026-04-21 21:37:13 +0000  Rejected distribution method <IDEDistributionMethodDeveloperID: 0x87b1b75c0> because it doesn't support distributing archive
2026-04-21 21:37:13 +0000  Rejected distribution method <IDEDistributionMethodSaveBuiltProducts: 0x87b1b7080> because it doesn't support distributing archive
2026-04-21 21:37:13 +0000  Rejected distribution method <IDEDistributionMethodDevelopmentSignedMac: 0x87b1b7070> because it doesn't support distributing archive
2026-04-21 21:37:13 +0000  Rejected distribution method <IDEDistributionMethodMacApplication: 0x87b1b5270> because it doesn't support distributing archive
2026-04-21 21:37:13 +0000  Rejected distribution method <IDEDistributionMethodAppStoreValidationVisionOS: 0x87b1b7ff0> because it doesn't support distributing archive
2026-04-21 21:37:13 +0000  Rejected distribution method <IDEDistributionMethodTVOSAppStoreValidation: 0x87b1b5ae0> because it doesn't support distributing archive
2026-04-21 21:37:13 +0000  Rejected distribution method <IDEDistributionMethodMacAppStoreValidation: 0x87b1b5b00> because it doesn't support distributing archive
2026-04-21 21:37:13 +0000  Rejected distribution method <IDEDistributionMethodiOSAppStoreValidation: 0x87b1b71b0> because it doesn't support distributing archive
2026-04-21 21:37:13 +0000  Rejected distribution method <IDEDistributionMethodExportArchive: 0x87b1b6360> because it doesn't support distributing archive
2026-04-21 21:37:13 +0000  Available distribution methods: {(
    <IDEDistributionMethodiOSAppStoreDistribution: 0x87b1b5e30>,
    <IDEDistributionMethodiOSAdHoc: 0x87b1b4a20>,
    <IDEDistributionMethodiOSEnterprise: 0x87b1b7530>,
    <IDEDistributionMethodDevelopmentSigned: 0x87b1b4b70>
)}
2026-04-21 21:37:13 +0000  Accepted distribution method <IDEDistributionMethodiOSAppStoreDistribution: 0x87b1b5e30>
2026-04-21 21:37:13 +0000  Rejected distribution method <IDEDistributionMethodTVOSAppStoreDistribution: 0x87b1b5420> because it doesn't support distributing archive
2026-04-21 21:37:13 +0000  Rejected distribution method <IDEDistributionMethodAppStoreDistributionVisionOS: 0x87b1b6900> because it doesn't support distributing archive
2026-04-21 21:37:13 +0000  Rejected distribution method <IDEDistributionMethodMacAppStoreDistribution: 0x87b1b53d0> because it doesn't support distributing archive
2026-04-21 21:37:13 +0000  Rejected distribution method <IDEDistributionMethodAdHocVisionOS: 0x87b1b4d10> because it doesn't support distributing archive
2026-04-21 21:37:13 +0000  Rejected distribution method <IDEDistributionMethodWatchOSAdHoc: 0x87b1b69d0> because it doesn't support distributing archive
2026-04-21 21:37:13 +0000  Rejected distribution method <IDEDistributionMethodTVOSAdHoc: 0x87b1b6ae0> because it doesn't support distributing archive
2026-04-21 21:37:13 +0000  Rejected distribution method <IDEDistributionMethodMacAdHoc: 0x87b1b7010> because it doesn't support distributing archive
2026-04-21 21:37:13 +0000  Accepted distribution method <IDEDistributionMethodiOSAdHoc: 0x87b1b4a20>
2026-04-21 21:37:13 +0000  Rejected distribution method <IDEDistributionMethodTVOSEnterprise: 0x87b1b5600> because it doesn't support distributing archive
2026-04-21 21:37:13 +0000  Rejected distribution method <IDEDistributionMethodWatchOSEnterprise: 0x87b1b70a0> because it doesn't support distributing archive
2026-04-21 21:37:13 +0000  Rejected distribution method <IDEDistributionMethodEnterpriseVisionOS: 0x87b1b68b0> because it doesn't support distributing archive
2026-04-21 21:37:13 +0000  Accepted distribution method <IDEDistributionMethodiOSEnterprise: 0x87b1b7530>
2026-04-21 21:37:13 +0000  Rejected distribution method <IDEDistributionMethodDevelopmentSignedVisionOS: 0x87b1b4460> because it doesn't support distributing archive
2026-04-21 21:37:13 +0000  Rejected distribution method <IDEDistributionMethodWatchOSDevelopmentSigned: 0x87b1b5f40> because it doesn't support distributing archive
2026-04-21 21:37:13 +0000  Accepted distribution method <IDEDistributionMethodDevelopmentSigned: 0x87b1b4b70>
2026-04-21 21:37:13 +0000  Rejected distribution method <IDEDistributionMethodTVOSDevelopmentSigned: 0x87b1b5c40> because it doesn't support distributing archive
2026-04-21 21:37:13 +0000  Rejected distribution method <IDEDistributionMethodDeveloperIDNotarizedApp: 0x87b1b5ee0> because it doesn't support distributing archive
2026-04-21 21:37:13 +0000  Rejected distribution method <IDEDistributionMethodDeveloperID: 0x87b1b75c0> because it doesn't support distributing archive
2026-04-21 21:37:13 +0000  Rejected distribution method <IDEDistributionMethodSaveBuiltProducts: 0x87b1b7080> because it doesn't support distributing archive
2026-04-21 21:37:13 +0000  Rejected distribution method <IDEDistributionMethodDevelopmentSignedMac: 0x87b1b7070> because it doesn't support distributing archive
2026-04-21 21:37:13 +0000  Rejected distribution method <IDEDistributionMethodMacApplication: 0x87b1b5270> because it doesn't support distributing archive
2026-04-21 21:37:13 +0000  Rejected distribution method <IDEDistributionMethodAppStoreValidationVisionOS: 0x87b1b7ff0> because it doesn't support distributing archive
2026-04-21 21:37:13 +0000  Rejected distribution method <IDEDistributionMethodTVOSAppStoreValidation: 0x87b1b5ae0> because it doesn't support distributing archive
2026-04-21 21:37:13 +0000  Rejected distribution method <IDEDistributionMethodMacAppStoreValidation: 0x87b1b5b00> because it doesn't support distributing archive
2026-04-21 21:37:13 +0000  Rejected distribution method <IDEDistributionMethodiOSAppStoreValidation: 0x87b1b71b0> because it doesn't support distributing archive
2026-04-21 21:37:13 +0000  Rejected distribution method <IDEDistributionMethodExportArchive: 0x87b1b6360> because it doesn't support distributing archive
2026-04-21 21:37:13 +0000  Available distribution methods: {(
    <IDEDistributionMethodiOSAppStoreDistribution: 0x87b1b5e30>,
    <IDEDistributionMethodiOSAdHoc: 0x87b1b4a20>,
    <IDEDistributionMethodiOSEnterprise: 0x87b1b7530>,
    <IDEDistributionMethodDevelopmentSigned: 0x87b1b4b70>
)}
2026-04-21 21:37:13 +0000  IDEDistributionItem init <DVTFilePath:0x897bd03c0:'/Users/jaz/Library/Developer/Xcode/Archives/2026-04-21/Tones 4-21-26, 2.31 PM.xcarchive/Products/Applications/Tones.app'>
2026-04-21 21:37:13 +0000  Set distributionItems on context: (
    "<IDEDistributionItem: 0x89614a760; bundleID='tonesapp.Tones', path='<DVTFilePath:0x897bd03c0:'/Users/jaz/Library/Developer/Xcode/Archives/2026-04-21/Tones 4-21-26, 2.31\U202fPM.xcarchive/Products/Applications/Tones.app'>', codeSigningInfo='<_DVTCodeSigningInformation_Path: 0x89614bd20; isSigned='1', isAdHocSigned='0', signingCertificate='<DVTSigningCertificate: 0x87943b240; name='Apple Development: jazing14@gmail.com (V2LZNFW9BQ)', hash='4D1252B8732F87DB4395B0E513A10EBC876FC6A5', serialNumber='1F72449384D5C6F86CDC9F66537381B6', certificateKinds='(\n    \"1.2.840.113635.100.6.1.12\",\n    \"1.2.840.113635.100.6.1.2\"\n), issueDate='2026-04-20 03:56:20 +0000''>', entitlements='{\n    \"application-identifier\" = \"WXSH8JXZQQ.tonesapp.Tones\";\n    \"aps-environment\" = development;\n    \"com.apple.developer.applesignin\" =     (\n        Default\n    );\n    \"com.apple.developer.team-identifier\" = WXSH8JXZQQ;\n    \"get-task-allow\" = 1;\n}', teamID='WXSH8JXZQQ', identifier='tonesapp.Tones', executablePath='<DVTFilePath:0x8973c9740:'/Users/jaz/Library/Developer/Xcode/Archives/2026-04-21/Tones 4-21-26, 2.31\U202fPM.xcarchive/Products/Applications/Tones.app/Tones'>', hardenedRuntime='0'>'>"
)
2026-04-21 21:37:13 +0000  Archs to thin for item /Users/jaz/Library/Developer/Xcode/Archives/2026-04-21/Tones 4-21-26, 2.31 PM.xcarchive/Products/Applications/Tones.app are []
2026-04-21 21:37:13 +0000  [OPTIONAL] Found platform <DVTPlatform:0x888eac200:'com.apple.platform.iphoneos':<DVTFilePath:0x888e203f0:'/Applications/Xcode.app/Contents/Developer/Platforms/iPhoneOS.platform'>> and cert <DVTSigningCertificate: 0x87943b240; name='Apple Development: jazing14@gmail.com (V2LZNFW9BQ)', hash='4D1252B8732F87DB4395B0E513A10EBC876FC6A5', serialNumber='1F72449384D5C6F86CDC9F66537381B6', certificateKinds='(
    "1.2.840.113635.100.6.1.12",
    "1.2.840.113635.100.6.1.2"
), issueDate='2026-04-20 03:56:20 +0000''> for <DVTFilePath:0x897bd03c0:'/Users/jaz/Library/Developer/Xcode/Archives/2026-04-21/Tones 4-21-26, 2.31 PM.xcarchive/Products/Applications/Tones.app'>
2026-04-21 21:37:13 +0000  [OPTIONAL] Profile <DVTEmbeddedProvisioningProfile 0x87943b240: name: iOS Team Provisioning Profile: tonesapp.Tones, UUID: e1b30fed-1292-46a7-8db0-3f4ca1b4fd7a, teamName: Jaskaran Singh, teamIdentifierPrefixes: (
    WXSH8JXZQQ
), entitlements: {
    "application-identifier" = "WXSH8JXZQQ.tonesapp.Tones";
    "aps-environment" = development;
    "com.apple.developer.applesignin" =     (
        Default
    );
    "com.apple.developer.team-identifier" = WXSH8JXZQQ;
    "com.apple.security.application-groups" =     (
    );
    "get-task-allow" = 1;
    "keychain-access-groups" =     (
        "WXSH8JXZQQ.*",
        "com.apple.token"
    );
}, appIdentifierName: XC tonesapp Tones, applicationIdentifierPrefixes: (
    WXSH8JXZQQ
), dateCreated: 2026-04-21 19:42:14 +0000, dateExpired: 2027-04-21 19:42:14 +0000, certificateKinds: {(
    "1.2.840.113635.100.6.1.12",
    "1.2.840.113635.100.6.1.2"
)}, certificateSHA1Hashes: {(
    4D1252B8732F87DB4395B0E513A10EBC876FC6A5
)}, supportedUDIDs: {(
    "00008130-0002202414f9001c"
)}, isUniversal: 0, isXcodeManaged: 1, platforms: {(
    <DVTPlatform:0x888eac300:'com.apple.platform.xros':<DVTFilePath:0x889025200:'/Applications/Xcode.app/Contents/Developer/Platforms/XROS.platform'>>,
    <DVTPlatform:0x888eac280:'com.apple.platform.watchos':<DVTFilePath:0x888e204d0:'/Applications/Xcode.app/Contents/Developer/Platforms/WatchOS.platform'>>,
    <DVTPlatform:0x888eac200:'com.apple.platform.iphoneos':<DVTFilePath:0x888e203f0:'/Applications/Xcode.app/Contents/Developer/Platforms/iPhoneOS.platform'>>
)}, filePath: <DVTFilePath:0x87ae978e0:'/Users/jaz/Library/Developer/Xcode/Archives/2026-04-21/Tones 4-21-26, 2.31 PM.xcarchive/Products/Applications/Tones.app/embedded.mobileprovision'>> for <DVTFilePath:0x897bd03c0:'/Users/jaz/Library/Developer/Xcode/Archives/2026-04-21/Tones 4-21-26, 2.31 PM.xcarchive/Products/Applications/Tones.app'> was an automatic profile
2026-04-21 21:37:13 +0000  Distributable's provisioning style is Automatic
2026-04-21 21:37:14 +0000  App Store Connect request for store configuration response: <DVTITunesConnectConfigurationResponse: 0x88f71dcc0; isSuccessful='1', configuration='{
    WXSH8JXZQQ =     {
        "com.apple.platform.appletvos" =         {
            architectures =             {
                defaultArch =                 {
                    defaultProductType =                     {
                        format =                         {
                            bitCode =                             {
                                supportLevel = unsupported;
                            };
                            compiledCode =                             {
                                supportLevel = required;
                            };
                        };
                    };
                };
            };
            iconSource =             {
                largeAppIcon = carInBinary;
                primaryIcons = carInBinary;
            };
            onDemandResources =             {
                sizeLimits =                 {
                    assetPack = 512000000;
                    prioritizedTotal = 2000000000;
                    total = 20000000000;
                };
                supportLevel = supported;
            };
        };
        "com.apple.platform.iphoneos" =         {
            architectures =             {
                defaultArch =                 {
                    defaultProductType =                     {
                        format =                         {
                            bitCode =                             {
                                supportLevel = unsupported;
                            };
                            compiledCode =                             {
                                supportLevel = required;
                            };
                        };
                    };
                };
            };
            iconSource =             {
                largeAppIcon = unsupported;
                primaryIcons = pngInBinary;
            };
            onDemandResources =             {
                sizeLimits =                 {
                    assetPack = 512000000;
                    total = 20000000000;
                };
                supportLevel = supported;
            };
        };
        "com.apple.platform.macosx" =         {
            architectures =             {
                defaultArch =                 {
                    defaultProductType =                     {
                        format =                         {
                            bitCode =                             {
                                supportLevel = unsupported;
                            };
                            compiledCode =                             {
                                supportLevel = required;
                            };
                        };
                    };
                };
            };
            iconSource =             {
                largeAppIcon = pngInBinary;
                primaryIcons = pngInBinary;
            };
            onDemandResources =             {
                supportLevel = unsupported;
            };
        };
        "com.apple.platform.watchos" =         {
            architectures =             {
                defaultArch =                 {
                    defaultProductType =                     {
                        format =                         {
                            bitCode =                             {
                                supportLevel = unsupported;
                            };
                            compiledCode =                             {
                                supportLevel = required;
                            };
                        };
                    };
                };
            };
            iconSource =             {
                largeAppIcon = unsupported;
                primaryIcons = pngInBinary;
            };
            onDemandResources =             {
                supportLevel = unsupported;
            };
        };
        "com.apple.platform.xros" =         {
            architectures =             {
                defaultArch =                 {
                    defaultProductType =                     {
                        format =                         {
                            bitCode =                             {
                                supportLevel = unsupported;
                            };
                            compiledCode =                             {
                                supportLevel = required;
                            };
                        };
                    };
                };
            };
            iconSource =             {
                largeAppIcon = carInBinary;
                primaryIcons = carInBinary;
            };
            onDemandResources =             {
                supportLevel = unsupported;
            };
        };
        configModelVersion = "1.1";
    };
    preflight =     (
        WXSH8JXZQQ
    );
}', alertMessage='(null)', errors='(null)', warnings='(null)', infoMessages='(null)'>
2026-04-21 21:37:14 +0000  App Store Connect team IDs for account (null) are (
    WXSH8JXZQQ
)
2026-04-21 21:37:15 +0000  Starting evaluation for distribution items:
(
    "<IDEDistributionItem: 0x89614a760; bundleID='tonesapp.Tones', path='<DVTFilePath:0x897bd03c0:'/Users/jaz/Library/Developer/Xcode/Archives/2026-04-21/Tones 4-21-26, 2.31\U202fPM.xcarchive/Products/Applications/Tones.app'>', codeSigningInfo='<_DVTCodeSigningInformation_Path: 0x89614bd20; isSigned='1', isAdHocSigned='0', signingCertificate='<DVTSigningCertificate: 0x87943a7c0; name='Apple Development: jazing14@gmail.com (V2LZNFW9BQ)', hash='4D1252B8732F87DB4395B0E513A10EBC876FC6A5', serialNumber='1F72449384D5C6F86CDC9F66537381B6', certificateKinds='(\n    \"1.2.840.113635.100.6.1.12\",\n    \"1.2.840.113635.100.6.1.2\"\n), issueDate='2026-04-20 03:56:20 +0000''>', entitlements='{\n    \"application-identifier\" = \"WXSH8JXZQQ.tonesapp.Tones\";\n    \"aps-environment\" = development;\n    \"com.apple.developer.applesignin\" =     (\n        Default\n    );\n    \"com.apple.developer.team-identifier\" = WXSH8JXZQQ;\n    \"get-task-allow\" = 1;\n}', teamID='WXSH8JXZQQ', identifier='tonesapp.Tones', executablePath='<DVTFilePath:0x8973c9740:'/Users/jaz/Library/Developer/Xcode/Archives/2026-04-21/Tones 4-21-26, 2.31\U202fPM.xcarchive/Products/Applications/Tones.app/Tones'>', hardenedRuntime='0'>'>"
)
2026-04-21 21:37:15 +0000 [MT] Evaluating <IDEDistributionItemProvisionable: 0x87a537280; distributionItem='<IDEDistributionItem: 0x89614a760; bundleID='tonesapp.Tones', path='<DVTFilePath:0x897bd03c0:'/Users/jaz/Library/Developer/Xcode/Archives/2026-04-21/Tones 4-21-26, 2.31 PM.xcarchive/Products/Applications/Tones.app'>', codeSigningInfo='<_DVTCodeSigningInformation_Path: 0x89614bd20; isSigned='1', isAdHocSigned='0', signingCertificate='<DVTSigningCertificate: 0x87943b540; name='Apple Development: jazing14@gmail.com (V2LZNFW9BQ)', hash='4D1252B8732F87DB4395B0E513A10EBC876FC6A5', serialNumber='1F72449384D5C6F86CDC9F66537381B6', certificateKinds='(
    "1.2.840.113635.100.6.1.12",
    "1.2.840.113635.100.6.1.2"
), issueDate='2026-04-20 03:56:20 +0000''>', entitlements='{
    "application-identifier" = "WXSH8JXZQQ.tonesapp.Tones";
    "aps-environment" = development;
    "com.apple.developer.applesignin" =     (
        Default
    );
    "com.apple.developer.team-identifier" = WXSH8JXZQQ;
    "get-task-allow" = 1;
}', teamID='WXSH8JXZQQ', identifier='tonesapp.Tones', executablePath='<DVTFilePath:0x8973c9740:'/Users/jaz/Library/Developer/Xcode/Archives/2026-04-21/Tones 4-21-26, 2.31 PM.xcarchive/Products/Applications/Tones.app/Tones'>', hardenedRuntime='0'>'>', team='<IDEProvisioningDisambiguatableBasicTeam: 0x88aeca940; teamID='WXSH8JXZQQ', teamName='Jaskaran Singh', teamType='Individual', username='jazing14@gmail.com', isFreeProvisioningTeam='0'>', method='<IDEDistributionMethodiOSAppStoreDistribution: 0x87b1b5e30>', provisioningStyle='0', entitlementsProcessors='(
    "<IDEiCloudEntitlementsProcessor: 0x88f99cfc0>",
    "<IDEAppAttestEnvironmentEntitlementsProcessor: 0x88f99c000>",
    "<IDEClassKitEntitlementsProcessor: 0x88f99c960>",
    "<IDEAppIdentifierPrefixedEntitlementsProcessor: 0x88f99cf00>"
)'> with overrides <IDEProvisionableOverrides 0x879439380: configuration: Default, profileSupport: <IDEProvisioningProfileSupport: 0x879b7d830>, provisioningStyle: (null), certificateSigningStyle: (null), provisioningPurpose: app-store, team: (null), platform: <DVTPlatform:0x888eac200:'com.apple.platform.iphoneos':<DVTFilePath:0x888e203f0:'/Applications/Xcode.app/Contents/Developer/Platforms/iPhoneOS.platform'>>, sdk: (null), sdkVariant: (null), profileSpecifier: (null), certificateIdentifier: (null), bundleIdentifier: (null), entitlements: (null), entitlementsFile: (null), baseEntitlements: (null), entitlementsExpansion: (null), entitlementsDestination: (null), allowSigningWithoutTeamSelection: (null), signingRequiresTeam: (null), appIDFeatures: (null)>
2026-04-21 21:37:15 +0000 [MT] Applying entitlements delta for <IDEDistributionItem: 0x89614a760; bundleID='tonesapp.Tones', path='<DVTFilePath:0x897bd03c0:'/Users/jaz/Library/Developer/Xcode/Archives/2026-04-21/Tones 4-21-26, 2.31 PM.xcarchive/Products/Applications/Tones.app'>', codeSigningInfo='<_DVTCodeSigningInformation_Path: 0x89614bd20; isSigned='1', isAdHocSigned='0', signingCertificate='<DVTSigningCertificate: 0x886c3e880; name='Apple Development: jazing14@gmail.com (V2LZNFW9BQ)', hash='4D1252B8732F87DB4395B0E513A10EBC876FC6A5', serialNumber='1F72449384D5C6F86CDC9F66537381B6', certificateKinds='(
    "1.2.840.113635.100.6.1.12",
    "1.2.840.113635.100.6.1.2"
), issueDate='2026-04-20 03:56:20 +0000''>', entitlements='{
    "application-identifier" = "WXSH8JXZQQ.tonesapp.Tones";
    "aps-environment" = development;
    "com.apple.developer.applesignin" =     (
        Default
    );
    "com.apple.developer.team-identifier" = WXSH8JXZQQ;
    "get-task-allow" = 1;
}', teamID='WXSH8JXZQQ', identifier='tonesapp.Tones', executablePath='<DVTFilePath:0x8973c9740:'/Users/jaz/Library/Developer/Xcode/Archives/2026-04-21/Tones 4-21-26, 2.31 PM.xcarchive/Products/Applications/Tones.app/Tones'>', hardenedRuntime='0'>'> from <IDEiCloudEntitlementsProcessor: 0x88f99cfc0>: {
}
2026-04-21 21:37:15 +0000 [MT] Applying entitlements delta for <IDEDistributionItem: 0x89614a760; bundleID='tonesapp.Tones', path='<DVTFilePath:0x897bd03c0:'/Users/jaz/Library/Developer/Xcode/Archives/2026-04-21/Tones 4-21-26, 2.31 PM.xcarchive/Products/Applications/Tones.app'>', codeSigningInfo='<_DVTCodeSigningInformation_Path: 0x89614bd20; isSigned='1', isAdHocSigned='0', signingCertificate='<DVTSigningCertificate: 0x886c3e880; name='Apple Development: jazing14@gmail.com (V2LZNFW9BQ)', hash='4D1252B8732F87DB4395B0E513A10EBC876FC6A5', serialNumber='1F72449384D5C6F86CDC9F66537381B6', certificateKinds='(
    "1.2.840.113635.100.6.1.12",
    "1.2.840.113635.100.6.1.2"
), issueDate='2026-04-20 03:56:20 +0000''>', entitlements='{
    "application-identifier" = "WXSH8JXZQQ.tonesapp.Tones";
    "aps-environment" = development;
    "com.apple.developer.applesignin" =     (
        Default
    );
    "com.apple.developer.team-identifier" = WXSH8JXZQQ;
    "get-task-allow" = 1;
}', teamID='WXSH8JXZQQ', identifier='tonesapp.Tones', executablePath='<DVTFilePath:0x8973c9740:'/Users/jaz/Library/Developer/Xcode/Archives/2026-04-21/Tones 4-21-26, 2.31 PM.xcarchive/Products/Applications/Tones.app/Tones'>', hardenedRuntime='0'>'> from <IDEAppAttestEnvironmentEntitlementsProcessor: 0x88f99c000>: {
}
2026-04-21 21:37:15 +0000 [MT] Applying entitlements delta for <IDEDistributionItem: 0x89614a760; bundleID='tonesapp.Tones', path='<DVTFilePath:0x897bd03c0:'/Users/jaz/Library/Developer/Xcode/Archives/2026-04-21/Tones 4-21-26, 2.31 PM.xcarchive/Products/Applications/Tones.app'>', codeSigningInfo='<_DVTCodeSigningInformation_Path: 0x89614bd20; isSigned='1', isAdHocSigned='0', signingCertificate='<DVTSigningCertificate: 0x886c3e880; name='Apple Development: jazing14@gmail.com (V2LZNFW9BQ)', hash='4D1252B8732F87DB4395B0E513A10EBC876FC6A5', serialNumber='1F72449384D5C6F86CDC9F66537381B6', certificateKinds='(
    "1.2.840.113635.100.6.1.12",
    "1.2.840.113635.100.6.1.2"
), issueDate='2026-04-20 03:56:20 +0000''>', entitlements='{
    "application-identifier" = "WXSH8JXZQQ.tonesapp.Tones";
    "aps-environment" = development;
    "com.apple.developer.applesignin" =     (
        Default
    );
    "com.apple.developer.team-identifier" = WXSH8JXZQQ;
    "get-task-allow" = 1;
}', teamID='WXSH8JXZQQ', identifier='tonesapp.Tones', executablePath='<DVTFilePath:0x8973c9740:'/Users/jaz/Library/Developer/Xcode/Archives/2026-04-21/Tones 4-21-26, 2.31 PM.xcarchive/Products/Applications/Tones.app/Tones'>', hardenedRuntime='0'>'> from <IDEClassKitEntitlementsProcessor: 0x88f99c960>: {
}
2026-04-21 21:37:15 +0000 [MT] Applying entitlements delta for <IDEDistributionItem: 0x89614a760; bundleID='tonesapp.Tones', path='<DVTFilePath:0x897bd03c0:'/Users/jaz/Library/Developer/Xcode/Archives/2026-04-21/Tones 4-21-26, 2.31 PM.xcarchive/Products/Applications/Tones.app'>', codeSigningInfo='<_DVTCodeSigningInformation_Path: 0x89614bd20; isSigned='1', isAdHocSigned='0', signingCertificate='<DVTSigningCertificate: 0x886c3e880; name='Apple Development: jazing14@gmail.com (V2LZNFW9BQ)', hash='4D1252B8732F87DB4395B0E513A10EBC876FC6A5', serialNumber='1F72449384D5C6F86CDC9F66537381B6', certificateKinds='(
    "1.2.840.113635.100.6.1.12",
    "1.2.840.113635.100.6.1.2"
), issueDate='2026-04-20 03:56:20 +0000''>', entitlements='{
    "application-identifier" = "WXSH8JXZQQ.tonesapp.Tones";
    "aps-environment" = development;
    "com.apple.developer.applesignin" =     (
        Default
    );
    "com.apple.developer.team-identifier" = WXSH8JXZQQ;
    "get-task-allow" = 1;
}', teamID='WXSH8JXZQQ', identifier='tonesapp.Tones', executablePath='<DVTFilePath:0x8973c9740:'/Users/jaz/Library/Developer/Xcode/Archives/2026-04-21/Tones 4-21-26, 2.31 PM.xcarchive/Products/Applications/Tones.app/Tones'>', hardenedRuntime='0'>'> from <IDEAppIdentifierPrefixedEntitlementsProcessor: 0x88f99cf00>: {
    "application-identifier" = "$(AppIdentifierPrefix)tonesapp.Tones";
}
2026-04-21 21:37:16 +0000 [MT] Evaluation for Tones.app is <IDEProvisionableStatusEvaluation 0x879fc8930: inputs: <IDEProvisionableStatusEvalutorInputs 0x898bb2120: provisionableSnapshot: <IDEProvisionableSnapshot 0x89112a190: name: Tones.app, configurations: {
    Default = "<_IDEProvisionableConfigurationSnapshot 0x8799b7700: name: Default, provisioningStyle: 0, certificateSigningStyle: 2, team: <IDEProvisioningDisambiguatableBasicTeam: 0x88aeca940; teamID='WXSH8JXZQQ', teamName='Jaskaran Singh', teamType='Individual', username='jazing14@gmail.com', isFreeProvisioningTeam='0'>, profileSupport: <IDEProvisioningProfileSupport: 0x87c107af0>, platform: <DVTPlatform:0x888eac200:'com.apple.platform.iphoneos':<DVTFilePath:0x888e203f0:'/Applications/Xcode.app/Contents/Developer/Platforms/iPhoneOS.platform'>>, sdk: (null), sdkVariant: (null), bundleIdentifier: tonesapp.Tones, profileSpecifier: (null), certificateIdentifier: iPhone Distribution, entitlementsFilePath: (null), baseEntitlements: <IDEProvisionableEntitlements: 0x8973396c0; signedEntitlements='{\n    \"application-identifier\" = \"$(AppIdentifierPrefix)tonesapp.Tones\";\n    \"aps-environment\" = development;\n    \"com.apple.developer.applesignin\" =     (\n        Default\n    );\n    \"com.apple.developer.team-identifier\" = WXSH8JXZQQ;\n}', simulatedEntitlements='(null)'>, entitlementsExpansion: <IDEDistributionProvisioningEntitlementsExpansion: 0x87c106c00>, entitlementsDestination: 1, allowSigningWithoutTeamSelection: 0, signingRequiresTeam: 0, appIDFeatures: <DVTPortalAppIDFeatures 0x898458120: Features: {\n    \"<DVTPortalProfileFeature: 0x87c1b76b0; id='PUSH_NOTIFICATIONS', userDescription='Push Notifications', platforms='.xros, .appletvos, .macosx, .watchos, .iphoneos'>\" = 1;\n    \"<DVTPortalProfileFeature: 0x8861a5650; id='APPLE_ID_AUTH', userDescription='Sign In with Apple', platforms='.iphoneos, .watchos, .macosx, .appletvos, .xros'>\" = 1;\n}, Containers: {\n}>, provisioningPurpose: app-store, supportsIOSMac: 0, areFeaturesUpToDate: 0>";
}, overrides: <IDEProvisionableOverrides 0x879439380: configuration: Default, profileSupport: <IDEProvisioningProfileSupport: 0x879b7d830>, provisioningStyle: (null), certificateSigningStyle: (null), provisioningPurpose: app-store, team: (null), platform: <DVTPlatform:0x888eac200:'com.apple.platform.iphoneos':<DVTFilePath:0x888e203f0:'/Applications/Xcode.app/Contents/Developer/Platforms/iPhoneOS.platform'>>, sdk: (null), sdkVariant: (null), profileSpecifier: (null), certificateIdentifier: (null), bundleIdentifier: (null), entitlements: (null), entitlementsFile: (null), baseEntitlements: (null), entitlementsExpansion: (null), entitlementsDestination: (null), allowSigningWithoutTeamSelection: (null), signingRequiresTeam: (null), appIDFeatures: (null)>>>, configuration: Default, codesignParameterSnapshot: <IDECodesignParameterSnapshot: 0x88bbe3630>:
Profile:  <DVTEmbeddedProvisioningProfile 0x8799ad980: name: iOS Team Store Provisioning Profile: tonesapp.Tones, UUID: 9ae19ee3-8537-4cb0-8d84-95de40864775, teamName: Jaskaran Singh, teamIdentifierPrefixes: (
    WXSH8JXZQQ
), entitlements: {
    "application-identifier" = "WXSH8JXZQQ.tonesapp.Tones";
    "aps-environment" = production;
    "beta-reports-active" = 1;
    "com.apple.developer.applesignin" =     (
        Default
    );
    "com.apple.developer.team-identifier" = WXSH8JXZQQ;
    "com.apple.security.application-groups" =     (
    );
    "get-task-allow" = 0;
    "keychain-access-groups" =     (
        "WXSH8JXZQQ.*",
        "com.apple.token"
    );
}, appIdentifierName: XC tonesapp Tones, applicationIdentifierPrefixes: (
    WXSH8JXZQQ
), dateCreated: 2026-04-21 21:31:13 +0000, dateExpired: 2027-04-21 21:21:11 +0000, certificateKinds: {(
    "1.2.840.113635.100.6.1.4",
    "1.2.840.113635.100.6.1.7"
)}, certificateSHA1Hashes: {(
    53612D5E345697B806AE594E0D09F57B49A54894
)}, supportedUDIDs: {(
)}, isUniversal: 0, isXcodeManaged: 1, platforms: {(
    <DVTPlatform:0x888eac300:'com.apple.platform.xros':<DVTFilePath:0x889025200:'/Applications/Xcode.app/Contents/Developer/Platforms/XROS.platform'>>,
    <DVTPlatform:0x888eac280:'com.apple.platform.watchos':<DVTFilePath:0x888e204d0:'/Applications/Xcode.app/Contents/Developer/Platforms/WatchOS.platform'>>,
    <DVTPlatform:0x888eac200:'com.apple.platform.iphoneos':<DVTFilePath:0x888e203f0:'/Applications/Xcode.app/Contents/Developer/Platforms/iPhoneOS.platform'>>
)}, filePath: <DVTFilePath:0x879a7bde0:'/Users/jaz/Library/Developer/Xcode/UserData/Provisioning Profiles/9ae19ee3-8537-4cb0-8d84-95de40864775.mobileprovision'>>
Identity: 53612D5E345697B806AE594E0D09F57B49A54894
Certificate <DVTSigningCertificate: 0x87ab63d80; name='Apple Distribution: Jaskaran Singh (WXSH8JXZQQ)', hash='53612D5E345697B806AE594E0D09F57B49A54894', serialNumber='50A34F99ED688B3699FEAE6BC88FE3AA', certificateKinds='(
    "1.2.840.113635.100.6.1.7",
    "1.2.840.113635.100.6.1.4"
), issueDate='2026-04-21 21:21:12 +0000''>>, errors: (null)>
2026-04-21 21:37:17 +0000  Uploading Tones with device token 6AC691B524E3BCC13EA9B91D8AB238DF270327175B5210A316F90657B9A8B312
2026-04-21 21:37:17 +0000  Starting upload
2026-04-21 21:37:17 +0000  Alert authorization granted? false (Optional(Error Domain=UNErrorDomain Code=1 "Notifications are not allowed for this application" UserInfo={NSLocalizedDescription=Notifications are not allowed for this application}))
2026-04-21 21:37:18 +0000  Updated message: Making copy of ‘Tones.ipa’…, progress: 0.000000
2026-04-21 21:37:18 +0000  Updated progress: 0.000000 (raw value: 0.000000)
2026-04-21 21:37:18 +0000  Updated message: Preparing to upload ‘Tones.ipa’…, progress: 0.000000
2026-04-21 21:37:23 +0000  Updated message: Analyzing package…, progress: 0.000000
2026-04-21 21:37:24 +0000  Updated message: Sending analysis to App Store Connect…, progress: 0.000000
2026-04-21 21:37:25 +0000  Updated message: Waiting for App Store Connect analysis response…, progress: 0.000000
2026-04-21 21:37:28 +0000  Updated message: Waiting for App Store Connect analysis response…, progress: 0.000000
2026-04-21 21:37:50 +0000  Updated message: Sending SPI analysis to App Store Connect…, progress: 0.000000
2026-04-21 21:37:51 +0000  Updated message: Waiting for App Store Connect SPI analysis response…, progress: 0.000000
2026-04-21 21:37:53 +0000  Updated message: Waiting for App Store Connect SPI analysis response…, progress: 0.000000
2026-04-21 21:38:19 +0000  Updated message: Upload failed.
Missing Info.plist value. A value for the Info.plist key 'CFBundleIconName' is missing in the bundle 'tonesapp.Tones'. Apps built with iOS 11 or later SDK must supply app icons in an asset catalog and must also provide a value for this Info.plist key. For more information see http://help.apple.com/xcode/mac/current/#/dev10510b1f7.
The server’s response was: ‘{
    code = 90713;
    description = "Missing Info.plist value. A value for the Info.plist key 'CFBundleIconName' is missing in the bundle 'tonesapp.Tones'. Apps built with iOS 11 or later SDK must supply app icons in an asset catalog and must also provide a value for this Info.plist key. For more information see http://help.apple.com/xcode/mac/current/#/dev10510b1f7.";
}’., progress: 0.000000
2026-04-21 21:38:19 +0000  Distribution record info for archive: <IDEArchiveDistributionRecord: 0x879b0cd80; task='2', distributionDestination='2', uploadDestination='1', teamID='WXSH8JXZQQ', signingCertificateSHA1='53612D5E345697B806AE594E0D09F57B49A54894', uniqueIdentifier='5e2bdf27-6bdb-4e41-819b-94c9e3f1677d', packagePath='(null)', preparationEvent='<IDEArchiveDistributionEvent: 0x898bb1fe0; title='Prepared archive for uploading', shortTitle='Prepared', date='2026-04-21 21:37:11 +0000', errors='(
)', warnings='(
)', infoMessages='(
)', state='2'>', uploadEvent='<IDEArchiveDistributionEvent: 0x898bb1a40; title='Upload failed', shortTitle='Upload failed', date='2026-04-21 21:38:19 +0000', errors='(
    "Error Domain=ContentDelivery Code=90713 \"Missing Info.plist value. A value for the Info.plist key 'CFBundleIconName' is missing in the bundle 'tonesapp.Tones'. Apps built with iOS 11 or later SDK must supply app icons in an asset catalog and must also provide a value for this Info.plist key. For more information see http://help.apple.com/xcode/mac/current/#/dev10510b1f7.\" UserInfo={IDEDistributionIssueSeverity=3, NSLocalizedDescription=Missing Info.plist value. A value for the Info.plist key 'CFBundleIconName' is missing in the bundle 'tonesapp.Tones'. Apps built with iOS 11 or later SDK must supply app icons in an asset catalog and must also provide a value for this Info.plist key. For more information see http://help.apple.com/xcode/mac/current/#/dev10510b1f7., NSLocalizedRecoverySuggestion=The server\U2019s response was: \U2018{\n    code = 90713;\n    description = \"Missing Info.plist value. A value for the Info.plist key 'CFBundleIconName' is missing in the bundle 'tonesapp.Tones'. Apps built with iOS 11 or later SDK must supply app icons in an asset catalog and must also provide a value for this Info.plist key. For more information see http://help.apple.com/xcode/mac/current/#/dev10510b1f7.\";\n}\U2019.}",
    "Error Domain=ContentDelivery Code=90022 \"Missing required icon file. The bundle does not contain an app icon for iPhone / iPod Touch of exactly '120x120' pixels, in .png format for iOS versions >= 10.0. To support older versions of iOS, the icon may be required in the bundle outside of an asset catalog. Make sure the Info.plist file includes appropriate entries referencing the file. See https://developer.apple.com/documentation/bundleresources/information_property_list/user_interface.\" UserInfo={IDEDistributionIssueSeverity=3, NSLocalizedDescription=Missing required icon file. The bundle does not contain an app icon for iPhone / iPod Touch of exactly '120x120' pixels, in .png format for iOS versions >= 10.0. To support older versions of iOS, the icon may be required in the bundle outside of an asset catalog. Make sure the Info.plist file includes appropriate entries referencing the file. See https://developer.apple.com/documentation/bundleresources/information_property_list/user_interface., NSLocalizedRecoverySuggestion=The server\U2019s response was: \U2018{\n    code = 90022;\n    description = \"Missing required icon file. The bundle does not contain an app icon for iPhone / iPod Touch of exactly '120x120' pixels, in .png format for iOS versions >= 10.0. To support older versions of iOS, the icon may be required in the bundle outside of an asset catalog. Make sure the Info.plist file includes appropriate entries referencing the file. See https://developer.apple.com/documentation/bundleresources/information_property_list/user_interface.\";\n}\U2019.}",
    "Error Domain=ContentDelivery Code=90023 \"Missing required icon file. The bundle does not contain an app icon for iPad of exactly '152x152' pixels, in .png format for iOS versions >= 10.0. To support older operating systems, the icon may be required in the bundle outside of an asset catalog. Make sure the Info.plist file includes appropriate entries referencing the file. See https://developer.apple.com/documentation/bundleresources/information_property_list/user_interface.\" UserInfo={IDEDistributionIssueSeverity=3, NSLocalizedDescription=Missing required icon file. The bundle does not contain an app icon for iPad of exactly '152x152' pixels, in .png format for iOS versions >= 10.0. To support older operating systems, the icon may be required in the bundle outside of an asset catalog. Make sure the Info.plist file includes appropriate entries referencing the file. See https://developer.apple.com/documentation/bundleresources/information_property_list/user_interface., NSLocalizedRecoverySuggestion=The server\U2019s response was: \U2018{\n    code = 90023;\n    description = \"Missing required icon file. The bundle does not contain an app icon for iPad of exactly '152x152' pixels, in .png format for iOS versions >= 10.0. To support older operating systems, the icon may be required in the bundle outside of an asset catalog. Make sure the Info.plist file includes appropriate entries referencing the file. See https://developer.apple.com/documentation/bundleresources/information_property_list/user_interface.\";\n}\U2019.}"
)', warnings='(
)', infoMessages='(
)', state='5'>', validationEvent='(null)', processingCompletedEvent='(null)'>
2026-04-21 21:38:19 +0000  Step failed: <IDEDistributionResultStep: 0x898bc78e0>: Error Domain=IDEDistributionResultStepErrorDomain Code=-1 "Upload failed with errors" UserInfo={NSLocalizedDescription=Upload failed with errors, IDEDistributionUnderlyingErrors=(
    "Error Domain=ContentDelivery Code=90713 \"error: Missing Info.plist value. A value for the Info.plist key 'CFBundleIconName' is missing in the bundle 'tonesapp.Tones'. Apps built with iOS 11 or later SDK must supply app icons in an asset catalog and must also provide a value for this Info.plist key. For more information see http://help.apple.com/xcode/mac/current/#/dev10510b1f7. The server\U2019s response was: \U2018{\n    code = 90713;\n    description = \"Missing Info.plist value. A value for the Info.plist key 'CFBundleIconName' is missing in the bundle 'tonesapp.Tones'. Apps built with iOS 11 or later SDK must supply app icons in an asset catalog and must also provide a value for this Info.plist key. For more information see http://help.apple.com/xcode/mac/current/#/dev10510b1f7.\";\n}\U2019.\" UserInfo={NSLocalizedDescription=error: Missing Info.plist value. A value for the Info.plist key 'CFBundleIconName' is missing in the bundle 'tonesapp.Tones'. Apps built with iOS 11 or later SDK must supply app icons in an asset catalog and must also provide a value for this Info.plist key. For more information see http://help.apple.com/xcode/mac/current/#/dev10510b1f7. The server\U2019s response was: \U2018{\n    code = 90713;\n    description = \"Missing Info.plist value. A value for the Info.plist key 'CFBundleIconName' is missing in the bundle 'tonesapp.Tones'. Apps built with iOS 11 or later SDK must supply app icons in an asset catalog and must also provide a value for this Info.plist key. For more information see http://help.apple.com/xcode/mac/current/#/dev10510b1f7.\";\n}\U2019.}",
    "Error Domain=ContentDelivery Code=90022 \"error: Missing required icon file. The bundle does not contain an app icon for iPhone / iPod Touch of exactly '120x120' pixels, in .png format for iOS versions >= 10.0. To support older versions of iOS, the icon may be required in the bundle outside of an asset catalog. Make sure the Info.plist file includes appropriate entries referencing the file. See https://developer.apple.com/documentation/bundleresources/information_property_list/user_interface. The server\U2019s response was: \U2018{\n    code = 90022;\n    description = \"Missing required icon file. The bundle does not contain an app icon for iPhone / iPod Touch of exactly '120x120' pixels, in .png format for iOS versions >= 10.0. To support older versions of iOS, the icon may be required in the bundle outside of an asset catalog. Make sure the Info.plist file includes appropriate entries referencing the file. See https://developer.apple.com/documentation/bundleresources/information_property_list/user_interface.\";\n}\U2019.\" UserInfo={NSLocalizedDescription=error: Missing required icon file. The bundle does not contain an app icon for iPhone / iPod Touch of exactly '120x120' pixels, in .png format for iOS versions >= 10.0. To support older versions of iOS, the icon may be required in the bundle outside of an asset catalog. Make sure the Info.plist file includes appropriate entries referencing the file. See https://developer.apple.com/documentation/bundleresources/information_property_list/user_interface. The server\U2019s response was: \U2018{\n    code = 90022;\n    description = \"Missing required icon file. The bundle does not contain an app icon for iPhone / iPod Touch of exactly '120x120' pixels, in .png format for iOS versions >= 10.0. To support older versions of iOS, the icon may be required in the bundle outside of an asset catalog. Make sure the Info.plist file includes appropriate entries referencing the file. See https://developer.apple.com/documentation/bundleresources/information_property_list/user_interface.\";\n}\U2019.}",
    "Error Domain=ContentDelivery Code=90023 \"error: Missing required icon file. The bundle does not contain an app icon for iPad of exactly '152x152' pixels, in .png format for iOS versions >= 10.0. To support older operating systems, the icon may be required in the bundle outside of an asset catalog. Make sure the Info.plist file includes appropriate entries referencing the file. See https://developer.apple.com/documentation/bundleresources/information_property_list/user_interface. The server\U2019s response was: \U2018{\n    code = 90023;\n    description = \"Missing required icon file. The bundle does not contain an app icon for iPad of exactly '152x152' pixels, in .png format for iOS versions >= 10.0. To support older operating systems, the icon may be required in the bundle outside of an asset catalog. Make sure the Info.plist file includes appropriate entries referencing the file. See https://developer.apple.com/documentation/bundleresources/information_property_list/user_interface.\";\n}\U2019.\" UserInfo={NSLocalizedDescription=error: Missing required icon file. The bundle does not contain an app icon for iPad of exactly '152x152' pixels, in .png format for iOS versions >= 10.0. To support older operating systems, the icon may be required in the bundle outside of an asset catalog. Make sure the Info.plist file includes appropriate entries referencing the file. See https://developer.apple.com/documentation/bundleresources/information_property_list/user_interface. The server\U2019s response was: \U2018{\n    code = 90023;\n    description = \"Missing required icon file. The bundle does not contain an app icon for iPad of exactly '152x152' pixels, in .png format for iOS versions >= 10.0. To support older operating systems, the icon may be required in the bundle outside of an asset catalog. Make sure the Info.plist file includes appropriate entries referencing the file. See https://developer.apple.com/documentation/bundleresources/information_property_list/user_interface.\";\n}\U2019.}"
)}
2026-04-21 21:38:19 +0000 [MT] Displaying Upload result for archive Tones
